<?xml version="1.0" ?>
<!DOCTYPE coverage SYSTEM "http://cobertura.sourceforge.net/xml/coverage-04.dtd">
<coverage lines-valid="1917" lines-covered="1175" line-rate="0.6129" branches-valid="937" branches-covered="416" branch-rate="0.4439" timestamp="1686140367108" complexity="0" version="0.1">
  <sources>
    <source>C:\Users\SamiSGHAIER\OneDrive - Mobelite\Desktop\PDSSBACK</source>
  </sources>
  <packages>
    <package name="config" line-rate="0.4171" branch-rate="0.4833">
      <classes>
        <class name="appTestConfig.js" filename="config\appTestConfig.js" line-rate="1" branch-rate="1">
          <methods>
          </methods>
          <lines>
            <line number="1" hits="2" branch="false"/>
            <line number="2" hits="2" branch="false"/>
            <line number="3" hits="2" branch="false"/>
            <line number="4" hits="2" branch="false"/>
            <line number="5" hits="2" branch="false"/>
            <line number="6" hits="2" branch="false"/>
            <line number="7" hits="2" branch="false"/>
            <line number="8" hits="2" branch="false"/>
          </lines>
        </class>
        <class name="index.js" filename="config\index.js" line-rate="1" branch-rate="0.7272">
          <methods>
          </methods>
          <lines>
            <line number="1" hits="2" branch="false"/>
            <line number="2" hits="2" branch="false"/>
          </lines>
        </class>
        <class name="query.js" filename="config\query.js" line-rate="0.3818" branch-rate="0.3421">
          <methods>
            <method name="(anonymous_0)" hits="0" signature="()V">
              <lines>
                <line number="9" hits="0"/>
              </lines>
            </method>
            <method name="(anonymous_1)" hits="0" signature="()V">
              <lines>
                <line number="11" hits="0"/>
              </lines>
            </method>
            <method name="(anonymous_2)" hits="0" signature="()V">
              <lines>
                <line number="12" hits="0"/>
              </lines>
            </method>
            <method name="(anonymous_3)" hits="0" signature="()V">
              <lines>
                <line number="13" hits="0"/>
              </lines>
            </method>
            <method name="(anonymous_4)" hits="13" signature="()V">
              <lines>
                <line number="15" hits="13"/>
              </lines>
            </method>
            <method name="(anonymous_5)" hits="0" signature="()V">
              <lines>
                <line number="17" hits="0"/>
              </lines>
            </method>
            <method name="(anonymous_6)" hits="0" signature="()V">
              <lines>
                <line number="18" hits="0"/>
              </lines>
            </method>
            <method name="(anonymous_7)" hits="1" signature="()V">
              <lines>
                <line number="21" hits="1"/>
              </lines>
            </method>
            <method name="(anonymous_8)" hits="0" signature="()V">
              <lines>
                <line number="22" hits="0"/>
              </lines>
            </method>
            <method name="(anonymous_9)" hits="0" signature="()V">
              <lines>
                <line number="23" hits="0"/>
              </lines>
            </method>
            <method name="(anonymous_10)" hits="0" signature="()V">
              <lines>
                <line number="25" hits="0"/>
              </lines>
            </method>
            <method name="(anonymous_11)" hits="0" signature="()V">
              <lines>
                <line number="29" hits="0"/>
              </lines>
            </method>
            <method name="(anonymous_12)" hits="0" signature="()V">
              <lines>
                <line number="33" hits="0"/>
              </lines>
            </method>
            <method name="(anonymous_13)" hits="2" signature="()V">
              <lines>
                <line number="42" hits="2"/>
              </lines>
            </method>
            <method name="(anonymous_14)" hits="16" signature="()V">
              <lines>
                <line number="54" hits="16"/>
              </lines>
            </method>
            <method name="(anonymous_15)" hits="0" signature="()V">
              <lines>
                <line number="66" hits="0"/>
              </lines>
            </method>
            <method name="(anonymous_16)" hits="3" signature="()V">
              <lines>
                <line number="68" hits="3"/>
              </lines>
            </method>
            <method name="(anonymous_17)" hits="1" signature="()V">
              <lines>
                <line number="74" hits="1"/>
              </lines>
            </method>
            <method name="(anonymous_18)" hits="1" signature="()V">
              <lines>
                <line number="79" hits="1"/>
              </lines>
            </method>
            <method name="(anonymous_19)" hits="1" signature="()V">
              <lines>
                <line number="80" hits="1"/>
              </lines>
            </method>
            <method name="(anonymous_20)" hits="0" signature="()V">
              <lines>
                <line number="81" hits="0"/>
              </lines>
            </method>
            <method name="(anonymous_21)" hits="1" signature="()V">
              <lines>
                <line number="82" hits="1"/>
              </lines>
            </method>
            <method name="(anonymous_22)" hits="0" signature="()V">
              <lines>
                <line number="84" hits="0"/>
              </lines>
            </method>
            <method name="(anonymous_23)" hits="0" signature="()V">
              <lines>
                <line number="85" hits="0"/>
              </lines>
            </method>
            <method name="(anonymous_24)" hits="0" signature="()V">
              <lines>
                <line number="87" hits="0"/>
              </lines>
            </method>
            <method name="(anonymous_25)" hits="1" signature="()V">
              <lines>
                <line number="89" hits="1"/>
              </lines>
            </method>
            <method name="(anonymous_26)" hits="0" signature="()V">
              <lines>
                <line number="94" hits="0"/>
              </lines>
            </method>
            <method name="(anonymous_27)" hits="0" signature="()V">
              <lines>
                <line number="97" hits="0"/>
              </lines>
            </method>
            <method name="(anonymous_28)" hits="0" signature="()V">
              <lines>
                <line number="105" hits="0"/>
              </lines>
            </method>
            <method name="(anonymous_29)" hits="0" signature="()V">
              <lines>
                <line number="107" hits="0"/>
              </lines>
            </method>
            <method name="(anonymous_30)" hits="0" signature="()V">
              <lines>
                <line number="118" hits="0"/>
              </lines>
            </method>
            <method name="(anonymous_31)" hits="0" signature="()V">
              <lines>
                <line number="123" hits="0"/>
              </lines>
            </method>
            <method name="(anonymous_32)" hits="0" signature="()V">
              <lines>
                <line number="135" hits="0"/>
              </lines>
            </method>
            <method name="(anonymous_33)" hits="0" signature="()V">
              <lines>
                <line number="137" hits="0"/>
              </lines>
            </method>
            <method name="(anonymous_34)" hits="0" signature="()V">
              <lines>
                <line number="139" hits="0"/>
              </lines>
            </method>
            <method name="(anonymous_35)" hits="0" signature="()V">
              <lines>
                <line number="144" hits="0"/>
              </lines>
            </method>
            <method name="(anonymous_36)" hits="0" signature="()V">
              <lines>
                <line number="150" hits="0"/>
              </lines>
            </method>
            <method name="(anonymous_37)" hits="0" signature="()V">
              <lines>
                <line number="155" hits="0"/>
              </lines>
            </method>
            <method name="(anonymous_38)" hits="0" signature="()V">
              <lines>
                <line number="167" hits="0"/>
              </lines>
            </method>
            <method name="(anonymous_39)" hits="0" signature="()V">
              <lines>
                <line number="169" hits="0"/>
              </lines>
            </method>
            <method name="(anonymous_40)" hits="0" signature="()V">
              <lines>
                <line number="171" hits="0"/>
              </lines>
            </method>
            <method name="(anonymous_41)" hits="0" signature="()V">
              <lines>
                <line number="176" hits="0"/>
              </lines>
            </method>
            <method name="(anonymous_42)" hits="0" signature="()V">
              <lines>
                <line number="178" hits="0"/>
              </lines>
            </method>
            <method name="(anonymous_43)" hits="0" signature="()V">
              <lines>
                <line number="183" hits="0"/>
              </lines>
            </method>
            <method name="(anonymous_44)" hits="0" signature="()V">
              <lines>
                <line number="195" hits="0"/>
              </lines>
            </method>
            <method name="(anonymous_45)" hits="0" signature="()V">
              <lines>
                <line number="197" hits="0"/>
              </lines>
            </method>
            <method name="(anonymous_46)" hits="2" signature="()V">
              <lines>
                <line number="206" hits="2"/>
              </lines>
            </method>
            <method name="(anonymous_47)" hits="3" signature="()V">
              <lines>
                <line number="216" hits="3"/>
              </lines>
            </method>
            <method name="(anonymous_48)" hits="0" signature="()V">
              <lines>
                <line number="225" hits="0"/>
              </lines>
            </method>
            <method name="(anonymous_49)" hits="0" signature="()V">
              <lines>
                <line number="234" hits="0"/>
              </lines>
            </method>
            <method name="(anonymous_50)" hits="4" signature="()V">
              <lines>
                <line number="239" hits="4"/>
              </lines>
            </method>
            <method name="(anonymous_51)" hits="44" signature="()V">
              <lines>
                <line number="243" hits="44"/>
              </lines>
            </method>
            <method name="(anonymous_52)" hits="0" signature="()V">
              <lines>
                <line number="277" hits="0"/>
              </lines>
            </method>
            <method name="(anonymous_53)" hits="0" signature="()V">
              <lines>
                <line number="290" hits="0"/>
              </lines>
            </method>
            <method name="(anonymous_54)" hits="0" signature="()V">
              <lines>
                <line number="301" hits="0"/>
              </lines>
            </method>
            <method name="(anonymous_55)" hits="4" signature="()V">
              <lines>
                <line number="335" hits="4"/>
              </lines>
            </method>
            <method name="(anonymous_56)" hits="1" signature="()V">
              <lines>
                <line number="345" hits="1"/>
              </lines>
            </method>
            <method name="(anonymous_57)" hits="2" signature="()V">
              <lines>
                <line number="348" hits="2"/>
              </lines>
            </method>
            <method name="(anonymous_58)" hits="3" signature="()V">
              <lines>
                <line number="350" hits="3"/>
              </lines>
            </method>
            <method name="(anonymous_59)" hits="4" signature="()V">
              <lines>
                <line number="361" hits="4"/>
              </lines>
            </method>
            <method name="(anonymous_60)" hits="0" signature="()V">
              <lines>
                <line number="366" hits="0"/>
              </lines>
            </method>
            <method name="(anonymous_61)" hits="0" signature="()V">
              <lines>
                <line number="369" hits="0"/>
              </lines>
            </method>
            <method name="(anonymous_62)" hits="4" signature="()V">
              <lines>
                <line number="377" hits="4"/>
              </lines>
            </method>
            <method name="(anonymous_63)" hits="1" signature="()V">
              <lines>
                <line number="379" hits="1"/>
              </lines>
            </method>
            <method name="(anonymous_64)" hits="6" signature="()V">
              <lines>
                <line number="381" hits="6"/>
              </lines>
            </method>
            <method name="(anonymous_65)" hits="9" signature="()V">
              <lines>
                <line number="392" hits="9"/>
              </lines>
            </method>
            <method name="(anonymous_66)" hits="0" signature="()V">
              <lines>
                <line number="397" hits="0"/>
              </lines>
            </method>
            <method name="(anonymous_67)" hits="1" signature="()V">
              <lines>
                <line number="402" hits="1"/>
              </lines>
            </method>
            <method name="(anonymous_68)" hits="1" signature="()V">
              <lines>
                <line number="404" hits="1"/>
              </lines>
            </method>
            <method name="(anonymous_69)" hits="6" signature="()V">
              <lines>
                <line number="406" hits="6"/>
              </lines>
            </method>
            <method name="(anonymous_70)" hits="6" signature="()V">
              <lines>
                <line number="417" hits="6"/>
              </lines>
            </method>
            <method name="(anonymous_71)" hits="11" signature="()V">
              <lines>
                <line number="430" hits="11"/>
              </lines>
            </method>
            <method name="(anonymous_72)" hits="11" signature="()V">
              <lines>
                <line number="432" hits="11"/>
              </lines>
            </method>
            <method name="(anonymous_73)" hits="0" signature="()V">
              <lines>
                <line number="445" hits="0"/>
              </lines>
            </method>
            <method name="(anonymous_74)" hits="26" signature="()V">
              <lines>
                <line number="449" hits="26"/>
              </lines>
            </method>
            <method name="(anonymous_75)" hits="5" signature="()V">
              <lines>
                <line number="451" hits="5"/>
              </lines>
            </method>
            <method name="(anonymous_76)" hits="1" signature="()V">
              <lines>
                <line number="457" hits="1"/>
              </lines>
            </method>
            <method name="(anonymous_77)" hits="1" signature="()V">
              <lines>
                <line number="465" hits="1"/>
              </lines>
            </method>
            <method name="(anonymous_78)" hits="2" signature="()V">
              <lines>
                <line number="467" hits="2"/>
              </lines>
            </method>
            <method name="(anonymous_79)" hits="8" signature="()V">
              <lines>
                <line number="469" hits="8"/>
              </lines>
            </method>
            <method name="(anonymous_80)" hits="6" signature="()V">
              <lines>
                <line number="474" hits="6"/>
              </lines>
            </method>
            <method name="(anonymous_81)" hits="3" signature="()V">
              <lines>
                <line number="483" hits="3"/>
              </lines>
            </method>
            <method name="(anonymous_82)" hits="6" signature="()V">
              <lines>
                <line number="498" hits="6"/>
              </lines>
            </method>
            <method name="(anonymous_83)" hits="12" signature="()V">
              <lines>
                <line number="500" hits="12"/>
              </lines>
            </method>
            <method name="(anonymous_84)" hits="2" signature="()V">
              <lines>
                <line number="508" hits="2"/>
              </lines>
            </method>
            <method name="(anonymous_85)" hits="2" signature="()V">
              <lines>
                <line number="515" hits="2"/>
              </lines>
            </method>
            <method name="(anonymous_86)" hits="0" signature="()V">
              <lines>
                <line number="519" hits="0"/>
              </lines>
            </method>
            <method name="(anonymous_87)" hits="1" signature="()V">
              <lines>
                <line number="524" hits="1"/>
              </lines>
            </method>
            <method name="(anonymous_88)" hits="0" signature="()V">
              <lines>
                <line number="526" hits="0"/>
              </lines>
            </method>
            <method name="(anonymous_89)" hits="0" signature="()V">
              <lines>
                <line number="532" hits="0"/>
              </lines>
            </method>
            <method name="(anonymous_90)" hits="0" signature="()V">
              <lines>
                <line number="534" hits="0"/>
              </lines>
            </method>
            <method name="(anonymous_91)" hits="0" signature="()V">
              <lines>
                <line number="543" hits="0"/>
              </lines>
            </method>
            <method name="(anonymous_92)" hits="6" signature="()V">
              <lines>
                <line number="549" hits="6"/>
              </lines>
            </method>
            <method name="(anonymous_93)" hits="3" signature="()V">
              <lines>
                <line number="566" hits="3"/>
              </lines>
            </method>
            <method name="(anonymous_94)" hits="3" signature="()V">
              <lines>
                <line number="568" hits="3"/>
              </lines>
            </method>
            <method name="(anonymous_95)" hits="12" signature="()V">
              <lines>
                <line number="580" hits="12"/>
              </lines>
            </method>
            <method name="(anonymous_96)" hits="6" signature="()V">
              <lines>
                <line number="586" hits="6"/>
              </lines>
            </method>
            <method name="(anonymous_97)" hits="3" signature="()V">
              <lines>
                <line number="592" hits="3"/>
              </lines>
            </method>
            <method name="(anonymous_98)" hits="0" signature="()V">
              <lines>
                <line number="594" hits="0"/>
              </lines>
            </method>
            <method name="(anonymous_99)" hits="0" signature="()V">
              <lines>
                <line number="600" hits="0"/>
              </lines>
            </method>
            <method name="(anonymous_100)" hits="0" signature="()V">
              <lines>
                <line number="602" hits="0"/>
              </lines>
            </method>
            <method name="(anonymous_101)" hits="0" signature="()V">
              <lines>
                <line number="603" hits="0"/>
              </lines>
            </method>
            <method name="(anonymous_102)" hits="0" signature="()V">
              <lines>
                <line number="605" hits="0"/>
              </lines>
            </method>
          </methods>
          <lines>
            <line number="1" hits="2" branch="false"/>
            <line number="3" hits="2" branch="false"/>
            <line number="10" hits="0" branch="false"/>
            <line number="11" hits="0" branch="false"/>
            <line number="12" hits="0" branch="false"/>
            <line number="14" hits="0" branch="false"/>
            <line number="16" hits="13" branch="false"/>
            <line number="17" hits="0" branch="false"/>
            <line number="18" hits="0" branch="false"/>
            <line number="21" hits="1" branch="false"/>
            <line number="22" hits="0" branch="false"/>
            <line number="24" hits="0" branch="false"/>
            <line number="26" hits="0" branch="false"/>
            <line number="30" hits="0" branch="false"/>
            <line number="33" hits="0" branch="false"/>
            <line number="43" hits="2" branch="false"/>
            <line number="54" hits="16" branch="false"/>
            <line number="66" hits="0" branch="false"/>
            <line number="71" hits="3" branch="false"/>
            <line number="75" hits="1" branch="false"/>
            <line number="79" hits="1" branch="false"/>
            <line number="80" hits="1" branch="false"/>
            <line number="81" hits="0" branch="false"/>
            <line number="82" hits="1" branch="false"/>
            <line number="84" hits="0" branch="false"/>
            <line number="86" hits="0" branch="false"/>
            <line number="88" hits="0" branch="false"/>
            <line number="90" hits="1" branch="false"/>
            <line number="95" hits="0" branch="false"/>
            <line number="96" hits="0" branch="true" condition-coverage="0% (0/2)"/>
            <line number="98" hits="0" branch="false"/>
            <line number="99" hits="0" branch="true" condition-coverage="0% (0/2)"/>
            <line number="100" hits="0" branch="false"/>
            <line number="104" hits="0" branch="false"/>
            <line number="106" hits="0" branch="false"/>
            <line number="108" hits="0" branch="false"/>
            <line number="113" hits="0" branch="false"/>
            <line number="119" hits="0" branch="false"/>
            <line number="120" hits="0" branch="false"/>
            <line number="121" hits="0" branch="false"/>
            <line number="123" hits="0" branch="false"/>
            <line number="124" hits="0" branch="false"/>
            <line number="125" hits="0" branch="false"/>
            <line number="126" hits="0" branch="false"/>
            <line number="127" hits="0" branch="true" condition-coverage="0% (0/2)"/>
            <line number="128" hits="0" branch="false"/>
            <line number="129" hits="0" branch="false"/>
            <line number="130" hits="0" branch="false"/>
            <line number="134" hits="0" branch="false"/>
            <line number="136" hits="0" branch="false"/>
            <line number="138" hits="0" branch="false"/>
            <line number="140" hits="0" branch="false"/>
            <line number="145" hits="0" branch="false"/>
            <line number="148" hits="0" branch="false"/>
            <line number="151" hits="0" branch="false"/>
            <line number="152" hits="0" branch="false"/>
            <line number="153" hits="0" branch="false"/>
            <line number="155" hits="0" branch="false"/>
            <line number="156" hits="0" branch="false"/>
            <line number="157" hits="0" branch="false"/>
            <line number="158" hits="0" branch="false"/>
            <line number="159" hits="0" branch="true" condition-coverage="0% (0/2)"/>
            <line number="160" hits="0" branch="false"/>
            <line number="161" hits="0" branch="false"/>
            <line number="162" hits="0" branch="false"/>
            <line number="166" hits="0" branch="false"/>
            <line number="168" hits="0" branch="false"/>
            <line number="170" hits="0" branch="false"/>
            <line number="172" hits="0" branch="false"/>
            <line number="177" hits="0" branch="false"/>
            <line number="179" hits="0" branch="false"/>
            <line number="180" hits="0" branch="false"/>
            <line number="182" hits="0" branch="false"/>
            <line number="183" hits="0" branch="false"/>
            <line number="184" hits="0" branch="false"/>
            <line number="186" hits="0" branch="false"/>
            <line number="187" hits="0" branch="true" condition-coverage="0% (0/2)"/>
            <line number="188" hits="0" branch="false"/>
            <line number="189" hits="0" branch="false"/>
            <line number="193" hits="0" branch="false"/>
            <line number="196" hits="0" branch="false"/>
            <line number="197" hits="0" branch="false"/>
            <line number="198" hits="0" branch="false"/>
            <line number="199" hits="0" branch="true" condition-coverage="0% (0/2)"/>
            <line number="200" hits="0" branch="false"/>
            <line number="204" hits="0" branch="false"/>
            <line number="207" hits="2" branch="true" condition-coverage="100% (2/2)"/>
            <line number="216" hits="2" branch="false"/>
            <line number="217" hits="3" branch="false"/>
            <line number="218" hits="3" branch="true" condition-coverage="100% (2/2)"/>
            <line number="219" hits="1" branch="false"/>
            <line number="222" hits="2" branch="true" condition-coverage="100% (2/2)"/>
            <line number="223" hits="2" branch="false"/>
            <line number="225" hits="0" branch="false"/>
            <line number="234" hits="0" branch="false"/>
            <line number="240" hits="4" branch="false"/>
            <line number="241" hits="4" branch="true" condition-coverage="50% (1/2)"/>
            <line number="242" hits="4" branch="false"/>
            <line number="243" hits="4" branch="false"/>
            <line number="244" hits="44" branch="false"/>
            <line number="246" hits="44" branch="true" condition-coverage="100% (2/2)"/>
            <line number="248" hits="4" branch="false"/>
            <line number="251" hits="4" branch="false"/>
            <line number="274" hits="4" branch="false"/>
            <line number="278" hits="0" branch="false"/>
            <line number="287" hits="0" branch="false"/>
            <line number="298" hits="0" branch="false"/>
            <line number="299" hits="0" branch="true" condition-coverage="0% (0/2)"/>
            <line number="300" hits="0" branch="false"/>
            <line number="301" hits="0" branch="false"/>
            <line number="302" hits="0" branch="false"/>
            <line number="304" hits="0" branch="true" condition-coverage="0% (0/2)"/>
            <line number="306" hits="0" branch="false"/>
            <line number="309" hits="0" branch="false"/>
            <line number="332" hits="0" branch="false"/>
            <line number="336" hits="4" branch="false"/>
            <line number="342" hits="4" branch="false"/>
            <line number="346" hits="1" branch="false"/>
            <line number="349" hits="2" branch="false"/>
            <line number="356" hits="3" branch="false"/>
            <line number="364" hits="4" branch="false"/>
            <line number="366" hits="0" branch="false"/>
            <line number="373" hits="0" branch="false"/>
            <line number="378" hits="4" branch="false"/>
            <line number="380" hits="1" branch="false"/>
            <line number="390" hits="6" branch="false"/>
            <line number="393" hits="9" branch="false"/>
            <line number="397" hits="0" branch="false"/>
            <line number="402" hits="1" branch="false"/>
            <line number="405" hits="1" branch="false"/>
            <line number="413" hits="6" branch="false"/>
            <line number="425" hits="6" branch="false"/>
            <line number="430" hits="11" branch="false"/>
            <line number="437" hits="11" branch="false"/>
            <line number="445" hits="0" branch="false"/>
            <line number="449" hits="26" branch="false"/>
            <line number="455" hits="5" branch="false"/>
            <line number="460" hits="1" branch="false"/>
            <line number="466" hits="1" branch="false"/>
            <line number="468" hits="2" branch="false"/>
            <line number="470" hits="8" branch="false"/>
            <line number="479" hits="6" branch="false"/>
            <line number="487" hits="3" branch="false"/>
            <line number="499" hits="6" branch="false"/>
            <line number="504" hits="12" branch="false"/>
            <line number="511" hits="2" branch="false"/>
            <line number="515" hits="2" branch="false"/>
            <line number="522" hits="0" branch="false"/>
            <line number="525" hits="1" branch="false"/>
            <line number="527" hits="0" branch="false"/>
            <line number="533" hits="0" branch="false"/>
            <line number="540" hits="0" branch="false"/>
            <line number="544" hits="0" branch="false"/>
            <line number="555" hits="6" branch="false"/>
            <line number="567" hits="3" branch="false"/>
            <line number="571" hits="3" branch="false"/>
            <line number="581" hits="12" branch="false"/>
            <line number="587" hits="6" branch="false"/>
            <line number="593" hits="3" branch="false"/>
            <line number="595" hits="0" branch="true" condition-coverage="0% (0/4)"/>
            <line number="596" hits="0" branch="false"/>
            <line number="601" hits="0" branch="false"/>
            <line number="602" hits="0" branch="false"/>
            <line number="604" hits="0" branch="false"/>
            <line number="605" hits="0" branch="false"/>
          </lines>
        </class>
      </classes>
    </package>
    <package name="src.controllers_v2" line-rate="0.4238" branch-rate="0.129">
      <classes>
        <class name="child.controller.js" filename="src\controllers_v2\child.controller.js" line-rate="0.2727" branch-rate="0">
          <methods>
            <method name="(anonymous_0)" hits="0" signature="()V">
              <lines>
                <line number="5" hits="0"/>
              </lines>
            </method>
            <method name="(anonymous_1)" hits="0" signature="()V">
              <lines>
                <line number="22" hits="0"/>
              </lines>
            </method>
            <method name="(anonymous_2)" hits="0" signature="()V">
              <lines>
                <line number="39" hits="0"/>
              </lines>
            </method>
            <method name="(anonymous_3)" hits="0" signature="()V">
              <lines>
                <line number="56" hits="0"/>
              </lines>
            </method>
          </methods>
          <lines>
            <line number="1" hits="2" branch="false"/>
            <line number="5" hits="2" branch="false"/>
            <line number="6" hits="0" branch="false"/>
            <line number="7" hits="0" branch="false"/>
            <line number="8" hits="0" branch="true" condition-coverage="0% (0/2)"/>
            <line number="14" hits="0" branch="false"/>
            <line number="22" hits="2" branch="false"/>
            <line number="23" hits="0" branch="false"/>
            <line number="24" hits="0" branch="false"/>
            <line number="25" hits="0" branch="true" condition-coverage="0% (0/2)"/>
            <line number="31" hits="0" branch="false"/>
            <line number="39" hits="2" branch="false"/>
            <line number="40" hits="0" branch="false"/>
            <line number="41" hits="0" branch="false"/>
            <line number="42" hits="0" branch="true" condition-coverage="0% (0/2)"/>
            <line number="48" hits="0" branch="false"/>
            <line number="56" hits="2" branch="false"/>
            <line number="57" hits="0" branch="false"/>
            <line number="58" hits="0" branch="false"/>
            <line number="59" hits="0" branch="true" condition-coverage="0% (0/2)"/>
            <line number="65" hits="0" branch="false"/>
            <line number="73" hits="2" branch="false"/>
          </lines>
        </class>
        <class name="diagnostic.controller.js" filename="src\controllers_v2\diagnostic.controller.js" line-rate="0.5285" branch-rate="0.2666">
          <methods>
            <method name="(anonymous_0)" hits="0" signature="()V">
              <lines>
                <line number="6" hits="0"/>
              </lines>
            </method>
            <method name="(anonymous_1)" hits="1" signature="()V">
              <lines>
                <line number="23" hits="1"/>
              </lines>
            </method>
            <method name="(anonymous_2)" hits="1" signature="()V">
              <lines>
                <line number="40" hits="1"/>
              </lines>
            </method>
            <method name="(anonymous_3)" hits="1" signature="()V">
              <lines>
                <line number="57" hits="1"/>
              </lines>
            </method>
            <method name="(anonymous_4)" hits="0" signature="()V">
              <lines>
                <line number="74" hits="0"/>
              </lines>
            </method>
            <method name="(anonymous_5)" hits="1" signature="()V">
              <lines>
                <line number="91" hits="1"/>
              </lines>
            </method>
            <method name="(anonymous_6)" hits="1" signature="()V">
              <lines>
                <line number="130" hits="1"/>
              </lines>
            </method>
            <method name="(anonymous_7)" hits="1" signature="()V">
              <lines>
                <line number="149" hits="1"/>
              </lines>
            </method>
            <method name="(anonymous_8)" hits="0" signature="()V">
              <lines>
                <line number="169" hits="0"/>
              </lines>
            </method>
            <method name="(anonymous_9)" hits="0" signature="()V">
              <lines>
                <line number="190" hits="0"/>
              </lines>
            </method>
            <method name="(anonymous_10)" hits="0" signature="()V">
              <lines>
                <line number="210" hits="0"/>
              </lines>
            </method>
          </methods>
          <lines>
            <line number="1" hits="2" branch="false"/>
            <line number="6" hits="2" branch="false"/>
            <line number="7" hits="0" branch="false"/>
            <line number="8" hits="0" branch="false"/>
            <line number="9" hits="0" branch="false"/>
            <line number="15" hits="0" branch="false"/>
            <line number="23" hits="2" branch="false"/>
            <line number="24" hits="1" branch="false"/>
            <line number="25" hits="1" branch="false"/>
            <line number="26" hits="1" branch="false"/>
            <line number="32" hits="0" branch="false"/>
            <line number="40" hits="2" branch="false"/>
            <line number="41" hits="1" branch="false"/>
            <line number="42" hits="1" branch="false"/>
            <line number="43" hits="1" branch="false"/>
            <line number="49" hits="0" branch="false"/>
            <line number="57" hits="2" branch="false"/>
            <line number="58" hits="1" branch="false"/>
            <line number="59" hits="1" branch="false"/>
            <line number="60" hits="1" branch="false"/>
            <line number="66" hits="0" branch="false"/>
            <line number="74" hits="2" branch="false"/>
            <line number="75" hits="0" branch="false"/>
            <line number="76" hits="0" branch="false"/>
            <line number="77" hits="0" branch="true" condition-coverage="0% (0/2)"/>
            <line number="83" hits="0" branch="false"/>
            <line number="91" hits="2" branch="false"/>
            <line number="92" hits="1" branch="false"/>
            <line number="93" hits="1" branch="false"/>
            <line number="95" hits="1" branch="false"/>
            <line number="96" hits="1" branch="false"/>
            <line number="97" hits="1" branch="false"/>
            <line number="99" hits="1" branch="true" condition-coverage="80% (4/5)"/>
            <line number="100" hits="0" branch="false"/>
            <line number="111" hits="1" branch="false"/>
            <line number="113" hits="1" branch="true" condition-coverage="50% (1/2)"/>
            <line number="114" hits="1" branch="false"/>
            <line number="121" hits="0" branch="false"/>
            <line number="122" hits="0" branch="false"/>
            <line number="130" hits="2" branch="false"/>
            <line number="131" hits="1" branch="false"/>
            <line number="132" hits="1" branch="false"/>
            <line number="133" hits="1" branch="true" condition-coverage="50% (1/2)"/>
            <line number="139" hits="0" branch="false"/>
            <line number="149" hits="2" branch="false"/>
            <line number="150" hits="1" branch="false"/>
            <line number="151" hits="1" branch="false"/>
            <line number="155" hits="1" branch="false"/>
            <line number="161" hits="0" branch="false"/>
            <line number="169" hits="2" branch="false"/>
            <line number="170" hits="0" branch="false"/>
            <line number="171" hits="0" branch="false"/>
            <line number="176" hits="0" branch="false"/>
            <line number="182" hits="0" branch="false"/>
            <line number="190" hits="2" branch="false"/>
            <line number="191" hits="0" branch="false"/>
            <line number="192" hits="0" branch="false"/>
            <line number="196" hits="0" branch="false"/>
            <line number="202" hits="0" branch="false"/>
            <line number="210" hits="2" branch="false"/>
            <line number="211" hits="0" branch="false"/>
            <line number="213" hits="0" branch="true" condition-coverage="0% (0/2)"/>
            <line number="214" hits="0" branch="false"/>
            <line number="215" hits="0" branch="false"/>
            <line number="218" hits="0" branch="false"/>
            <line number="220" hits="0" branch="true" condition-coverage="0% (0/5)"/>
            <line number="221" hits="0" branch="false"/>
            <line number="228" hits="0" branch="false"/>
            <line number="234" hits="0" branch="false"/>
            <line number="242" hits="2" branch="false"/>
          </lines>
        </class>
        <class name="evaluation.controller.js" filename="src\controllers_v2\evaluation.controller.js" line-rate="0.4375" branch-rate="1">
          <methods>
            <method name="(anonymous_0)" hits="1" signature="()V">
              <lines>
                <line number="3" hits="1"/>
              </lines>
            </method>
            <method name="(anonymous_1)" hits="1" signature="()V">
              <lines>
                <line number="20" hits="1"/>
              </lines>
            </method>
            <method name="(anonymous_2)" hits="10" signature="()V">
              <lines>
                <line number="37" hits="10"/>
              </lines>
            </method>
            <method name="(anonymous_3)" hits="0" signature="()V">
              <lines>
                <line number="53" hits="0"/>
              </lines>
            </method>
            <method name="(anonymous_4)" hits="0" signature="()V">
              <lines>
                <line number="69" hits="0"/>
              </lines>
            </method>
            <method name="(anonymous_5)" hits="0" signature="()V">
              <lines>
                <line number="85" hits="0"/>
              </lines>
            </method>
            <method name="(anonymous_6)" hits="0" signature="()V">
              <lines>
                <line number="103" hits="0"/>
              </lines>
            </method>
            <method name="(anonymous_7)" hits="0" signature="()V">
              <lines>
                <line number="120" hits="0"/>
              </lines>
            </method>
            <method name="(anonymous_8)" hits="0" signature="()V">
              <lines>
                <line number="137" hits="0"/>
              </lines>
            </method>
          </methods>
          <lines>
            <line number="1" hits="2" branch="false"/>
            <line number="3" hits="2" branch="false"/>
            <line number="4" hits="1" branch="false"/>
            <line number="5" hits="1" branch="false"/>
            <line number="6" hits="1" branch="false"/>
            <line number="12" hits="0" branch="false"/>
            <line number="20" hits="2" branch="false"/>
            <line number="21" hits="1" branch="false"/>
            <line number="22" hits="1" branch="false"/>
            <line number="23" hits="1" branch="false"/>
            <line number="29" hits="0" branch="false"/>
            <line number="37" hits="2" branch="false"/>
            <line number="38" hits="10" branch="false"/>
            <line number="39" hits="10" branch="false"/>
            <line number="40" hits="9" branch="false"/>
            <line number="46" hits="1" branch="false"/>
            <line number="53" hits="2" branch="false"/>
            <line number="54" hits="0" branch="false"/>
            <line number="55" hits="0" branch="false"/>
            <line number="56" hits="0" branch="false"/>
            <line number="62" hits="0" branch="false"/>
            <line number="69" hits="2" branch="false"/>
            <line number="70" hits="0" branch="false"/>
            <line number="71" hits="0" branch="false"/>
            <line number="72" hits="0" branch="false"/>
            <line number="78" hits="0" branch="false"/>
            <line number="85" hits="2" branch="false"/>
            <line number="86" hits="0" branch="false"/>
            <line number="87" hits="0" branch="false"/>
            <line number="88" hits="0" branch="false"/>
            <line number="94" hits="0" branch="false"/>
            <line number="95" hits="0" branch="false"/>
            <line number="103" hits="2" branch="false"/>
            <line number="104" hits="0" branch="false"/>
            <line number="105" hits="0" branch="false"/>
            <line number="106" hits="0" branch="false"/>
            <line number="112" hits="0" branch="false"/>
            <line number="120" hits="2" branch="false"/>
            <line number="121" hits="0" branch="false"/>
            <line number="122" hits="0" branch="false"/>
            <line number="123" hits="0" branch="false"/>
            <line number="129" hits="0" branch="false"/>
            <line number="137" hits="2" branch="false"/>
            <line number="138" hits="0" branch="false"/>
            <line number="139" hits="0" branch="false"/>
            <line number="140" hits="0" branch="false"/>
            <line number="146" hits="0" branch="false"/>
            <line number="154" hits="2" branch="false"/>
          </lines>
        </class>
        <class name="exportPdf.controller.js" filename="src\controllers_v2\exportPdf.controller.js" line-rate="0.4" branch-rate="1">
          <methods>
            <method name="(anonymous_0)" hits="0" signature="()V">
              <lines>
                <line number="4" hits="0"/>
              </lines>
            </method>
          </methods>
          <lines>
            <line number="1" hits="2" branch="false"/>
            <line number="2" hits="2" branch="false"/>
            <line number="4" hits="2" branch="false"/>
            <line number="5" hits="0" branch="false"/>
            <line number="6" hits="0" branch="false"/>
            <line number="7" hits="0" branch="false"/>
            <line number="8" hits="0" branch="false"/>
            <line number="12" hits="0" branch="false"/>
            <line number="18" hits="0" branch="false"/>
            <line number="26" hits="2" branch="false"/>
          </lines>
        </class>
        <class name="index.js" filename="src\controllers_v2\index.js" line-rate="1" branch-rate="1">
          <methods>
          </methods>
          <lines>
            <line number="1" hits="2" branch="false"/>
            <line number="2" hits="2" branch="false"/>
            <line number="3" hits="2" branch="false"/>
            <line number="4" hits="2" branch="false"/>
            <line number="5" hits="2" branch="false"/>
            <line number="6" hits="2" branch="false"/>
            <line number="7" hits="2" branch="false"/>
          </lines>
        </class>
        <class name="record.controller.js" filename="src\controllers_v2\record.controller.js" line-rate="0.2631" branch-rate="0">
          <methods>
            <method name="(anonymous_0)" hits="0" signature="()V">
              <lines>
                <line number="3" hits="0"/>
              </lines>
            </method>
            <method name="(anonymous_1)" hits="0" signature="()V">
              <lines>
                <line number="20" hits="0"/>
              </lines>
            </method>
            <method name="(anonymous_2)" hits="0" signature="()V">
              <lines>
                <line number="45" hits="0"/>
              </lines>
            </method>
          </methods>
          <lines>
            <line number="1" hits="2" branch="false"/>
            <line number="3" hits="2" branch="false"/>
            <line number="4" hits="0" branch="false"/>
            <line number="5" hits="0" branch="false"/>
            <line number="6" hits="0" branch="false"/>
            <line number="12" hits="0" branch="false"/>
            <line number="20" hits="2" branch="false"/>
            <line number="21" hits="0" branch="false"/>
            <line number="22" hits="0" branch="false"/>
            <line number="23" hits="0" branch="true" condition-coverage="0% (0/2)"/>
            <line number="24" hits="0" branch="false"/>
            <line number="30" hits="0" branch="false"/>
            <line number="37" hits="0" branch="false"/>
            <line number="45" hits="2" branch="false"/>
            <line number="46" hits="0" branch="false"/>
            <line number="47" hits="0" branch="false"/>
            <line number="48" hits="0" branch="false"/>
            <line number="54" hits="0" branch="false"/>
            <line number="62" hits="2" branch="false"/>
          </lines>
        </class>
        <class name="shared.controller.js" filename="src\controllers_v2\shared.controller.js" line-rate="0.3333" branch-rate="1">
          <methods>
            <method name="(anonymous_0)" hits="0" signature="()V">
              <lines>
                <line number="3" hits="0"/>
              </lines>
            </method>
            <method name="(anonymous_1)" hits="0" signature="()V">
              <lines>
                <line number="20" hits="0"/>
              </lines>
            </method>
          </methods>
          <lines>
            <line number="1" hits="2" branch="false"/>
            <line number="3" hits="2" branch="false"/>
            <line number="4" hits="0" branch="false"/>
            <line number="5" hits="0" branch="false"/>
            <line number="6" hits="0" branch="false"/>
            <line number="12" hits="0" branch="false"/>
            <line number="20" hits="2" branch="false"/>
            <line number="21" hits="0" branch="false"/>
            <line number="22" hits="0" branch="false"/>
            <line number="23" hits="0" branch="false"/>
            <line number="29" hits="0" branch="false"/>
            <line number="37" hits="2" branch="false"/>
          </lines>
        </class>
        <class name="user.controller.js" filename="src\controllers_v2\user.controller.js" line-rate="0.22719999999999999" branch-rate="0">
          <methods>
            <method name="(anonymous_0)" hits="0" signature="()V">
              <lines>
                <line number="3" hits="0"/>
              </lines>
            </method>
            <method name="(anonymous_1)" hits="0" signature="()V">
              <lines>
                <line number="27" hits="0"/>
              </lines>
            </method>
            <method name="(anonymous_2)" hits="0" signature="()V">
              <lines>
                <line number="55" hits="0"/>
              </lines>
            </method>
          </methods>
          <lines>
            <line number="1" hits="2" branch="false"/>
            <line number="3" hits="2" branch="false"/>
            <line number="4" hits="0" branch="false"/>
            <line number="5" hits="0" branch="false"/>
            <line number="6" hits="0" branch="true" condition-coverage="0% (0/2)"/>
            <line number="7" hits="0" branch="false"/>
            <line number="13" hits="0" branch="false"/>
            <line number="19" hits="0" branch="false"/>
            <line number="27" hits="2" branch="false"/>
            <line number="28" hits="0" branch="false"/>
            <line number="29" hits="0" branch="false"/>
            <line number="30" hits="0" branch="true" condition-coverage="0% (0/2)"/>
            <line number="31" hits="0" branch="false"/>
            <line number="37" hits="0" branch="false"/>
            <line number="38" hits="0" branch="false"/>
            <line number="47" hits="0" branch="false"/>
            <line number="55" hits="2" branch="false"/>
            <line number="56" hits="0" branch="false"/>
            <line number="57" hits="0" branch="false"/>
            <line number="58" hits="0" branch="false"/>
            <line number="64" hits="0" branch="false"/>
            <line number="72" hits="2" branch="false"/>
          </lines>
        </class>
      </classes>
    </package>
    <package name="src.helpers" line-rate="0.8726999999999999" branch-rate="0.46149999999999997">
      <classes>
        <class name="accordionFormatter.js" filename="src\helpers\accordionFormatter.js" line-rate="1" branch-rate="0.8">
          <methods>
            <method name="(anonymous_0)" hits="2" signature="()V">
              <lines>
                <line number="1" hits="2"/>
              </lines>
            </method>
            <method name="dataLabel" hits="18" signature="()V">
              <lines>
                <line number="78" hits="18"/>
              </lines>
            </method>
            <method name="(anonymous_2)" hits="136" signature="()V">
              <lines>
                <line number="80" hits="136"/>
              </lines>
            </method>
            <method name="(anonymous_3)" hits="586" signature="()V">
              <lines>
                <line number="83" hits="586"/>
              </lines>
            </method>
            <method name="dataValue" hits="10" signature="()V">
              <lines>
                <line number="108" hits="10"/>
              </lines>
            </method>
            <method name="(anonymous_5)" hits="76" signature="()V">
              <lines>
                <line number="110" hits="76"/>
              </lines>
            </method>
          </methods>
          <lines>
            <line number="1" hits="2" branch="false"/>
            <line number="2" hits="2" branch="false"/>
            <line number="3" hits="2" branch="false"/>
            <line number="4" hits="2" branch="false"/>
            <line number="6" hits="2" branch="false"/>
            <line number="7" hits="2" branch="false"/>
            <line number="8" hits="2" branch="false"/>
            <line number="10" hits="2" branch="false"/>
            <line number="11" hits="2" branch="false"/>
            <line number="12" hits="2" branch="false"/>
            <line number="14" hits="2" branch="false"/>
            <line number="15" hits="2" branch="false"/>
            <line number="16" hits="2" branch="false"/>
            <line number="18" hits="2" branch="false"/>
            <line number="19" hits="2" branch="false"/>
            <line number="20" hits="2" branch="false"/>
            <line number="21" hits="2" branch="false"/>
            <line number="23" hits="2" branch="false"/>
            <line number="24" hits="2" branch="false"/>
            <line number="25" hits="2" branch="false"/>
            <line number="27" hits="2" branch="false"/>
            <line number="28" hits="2" branch="false"/>
            <line number="29" hits="2" branch="false"/>
            <line number="31" hits="2" branch="false"/>
            <line number="32" hits="2" branch="false"/>
            <line number="33" hits="2" branch="false"/>
            <line number="35" hits="2" branch="false"/>
            <line number="36" hits="2" branch="false"/>
            <line number="37" hits="2" branch="false"/>
            <line number="38" hits="2" branch="false"/>
            <line number="40" hits="2" branch="false"/>
            <line number="41" hits="2" branch="false"/>
            <line number="42" hits="2" branch="false"/>
            <line number="44" hits="2" branch="false"/>
            <line number="45" hits="2" branch="false"/>
            <line number="46" hits="2" branch="false"/>
            <line number="48" hits="2" branch="false"/>
            <line number="49" hits="2" branch="false"/>
            <line number="50" hits="2" branch="false"/>
            <line number="52" hits="2" branch="false"/>
            <line number="53" hits="2" branch="false"/>
            <line number="54" hits="2" branch="false"/>
            <line number="56" hits="2" branch="false"/>
            <line number="57" hits="2" branch="false"/>
            <line number="58" hits="2" branch="false"/>
            <line number="60" hits="2" branch="false"/>
            <line number="79" hits="18" branch="true" condition-coverage="50% (1/2)"/>
            <line number="80" hits="18" branch="false"/>
            <line number="81" hits="136" branch="false"/>
            <line number="82" hits="136" branch="false"/>
            <line number="83" hits="136" branch="false"/>
            <line number="84" hits="586" branch="false"/>
            <line number="86" hits="136" branch="true" condition-coverage="100% (2/2)"/>
            <line number="87" hits="10" branch="false"/>
            <line number="88" hits="10" branch="false"/>
            <line number="89" hits="10" branch="false"/>
            <line number="90" hits="10" branch="false"/>
            <line number="91" hits="10" branch="false"/>
            <line number="92" hits="10" branch="false"/>
            <line number="93" hits="10" branch="false"/>
            <line number="95" hits="136" branch="true" condition-coverage="100% (2/2)"/>
            <line number="96" hits="10" branch="false"/>
            <line number="97" hits="10" branch="false"/>
            <line number="98" hits="10" branch="false"/>
            <line number="99" hits="10" branch="false"/>
            <line number="100" hits="10" branch="false"/>
            <line number="101" hits="10" branch="false"/>
            <line number="102" hits="10" branch="false"/>
            <line number="104" hits="136" branch="false"/>
            <line number="106" hits="18" branch="false"/>
            <line number="109" hits="10" branch="true" condition-coverage="50% (1/2)"/>
            <line number="110" hits="10" branch="false"/>
            <line number="111" hits="76" branch="false"/>
            <line number="112" hits="76" branch="true" condition-coverage="100% (2/2)"/>
            <line number="114" hits="10" branch="false"/>
            <line number="116" hits="2" branch="false"/>
          </lines>
        </class>
        <class name="index.js" filename="src\helpers\index.js" line-rate="1" branch-rate="1">
          <methods>
          </methods>
          <lines>
            <line number="1" hits="2" branch="false"/>
          </lines>
        </class>
        <class name="isEmpty.js" filename="src\helpers\isEmpty.js" line-rate="1" branch-rate="0.6666">
          <methods>
            <method name="(anonymous_0)" hits="4" signature="()V">
              <lines>
                <line number="1" hits="4"/>
              </lines>
            </method>
          </methods>
          <lines>
            <line number="1" hits="2" branch="false"/>
            <line number="2" hits="4" branch="true" condition-coverage="66.66666666666666% (4/6)"/>
            <line number="7" hits="2" branch="false"/>
          </lines>
        </class>
        <class name="properties.js" filename="src\helpers\properties.js" line-rate="0.6111" branch-rate="0">
          <methods>
            <method name="(anonymous_0)" hits="1" signature="()V">
              <lines>
                <line number="7" hits="1"/>
              </lines>
            </method>
            <method name="(anonymous_1)" hits="1" signature="()V">
              <lines>
                <line number="8" hits="1"/>
              </lines>
            </method>
            <method name="(anonymous_2)" hits="0" signature="()V">
              <lines>
                <line number="9" hits="0"/>
              </lines>
            </method>
            <method name="(anonymous_3)" hits="1" signature="()V">
              <lines>
                <line number="10" hits="1"/>
              </lines>
            </method>
            <method name="(anonymous_4)" hits="0" signature="()V">
              <lines>
                <line number="12" hits="0"/>
              </lines>
            </method>
            <method name="(anonymous_5)" hits="0" signature="()V">
              <lines>
                <line number="13" hits="0"/>
              </lines>
            </method>
            <method name="(anonymous_6)" hits="0" signature="()V">
              <lines>
                <line number="14" hits="0"/>
              </lines>
            </method>
            <method name="(anonymous_7)" hits="0" signature="()V">
              <lines>
                <line number="15" hits="0"/>
              </lines>
            </method>
            <method name="(anonymous_8)" hits="132" signature="()V">
              <lines>
                <line number="16" hits="132"/>
              </lines>
            </method>
            <method name="(anonymous_9)" hits="0" signature="()V">
              <lines>
                <line number="21" hits="0"/>
              </lines>
            </method>
            <method name="(anonymous_10)" hits="0" signature="()V">
              <lines>
                <line number="24" hits="0"/>
              </lines>
            </method>
          </methods>
          <lines>
            <line number="1" hits="2" branch="false"/>
            <line number="2" hits="2" branch="false"/>
            <line number="3" hits="2" branch="false"/>
            <line number="4" hits="2" branch="false"/>
            <line number="6" hits="2" branch="false"/>
            <line number="7" hits="1" branch="false"/>
            <line number="8" hits="1" branch="false"/>
            <line number="9" hits="0" branch="false"/>
            <line number="10" hits="1" branch="false"/>
            <line number="12" hits="0" branch="true" condition-coverage="0% (0/2)"/>
            <line number="13" hits="0" branch="true" condition-coverage="0% (0/2)"/>
            <line number="14" hits="0" branch="true" condition-coverage="0% (0/2)"/>
            <line number="15" hits="0" branch="true" condition-coverage="0% (0/2)"/>
            <line number="17" hits="132" branch="false"/>
            <line number="18" hits="132" branch="false"/>
            <line number="19" hits="132" branch="false"/>
            <line number="22" hits="0" branch="false"/>
            <line number="25" hits="0" branch="true" condition-coverage="0% (0/2)"/>
          </lines>
        </class>
        <class name="upload.js" filename="src\helpers\upload.js" line-rate="0.41659999999999997" branch-rate="1">
          <methods>
            <method name="(anonymous_0)" hits="0" signature="()V">
              <lines>
                <line number="5" hits="0"/>
              </lines>
            </method>
            <method name="(anonymous_1)" hits="0" signature="()V">
              <lines>
                <line number="13" hits="0"/>
              </lines>
            </method>
          </methods>
          <lines>
            <line number="2" hits="2" branch="false"/>
            <line number="3" hits="2" branch="false"/>
            <line number="4" hits="2" branch="false"/>
            <line number="6" hits="0" branch="false"/>
            <line number="7" hits="0" branch="false"/>
            <line number="8" hits="0" branch="false"/>
            <line number="14" hits="0" branch="false"/>
            <line number="15" hits="0" branch="false"/>
            <line number="16" hits="0" branch="false"/>
            <line number="17" hits="0" branch="false"/>
            <line number="20" hits="2" branch="false"/>
            <line number="25" hits="2" branch="false"/>
          </lines>
        </class>
      </classes>
    </package>
    <package name="src.middlewares" line-rate="0.2666" branch-rate="0">
      <classes>
        <class name="GuardRoute.js" filename="src\middlewares\GuardRoute.js" line-rate="0.21420000000000003" branch-rate="0">
          <methods>
            <method name="(anonymous_0)" hits="0" signature="()V">
              <lines>
                <line number="4" hits="0"/>
              </lines>
            </method>
            <method name="(anonymous_1)" hits="0" signature="()V">
              <lines>
                <line number="30" hits="0"/>
              </lines>
            </method>
          </methods>
          <lines>
            <line number="1" hits="2" branch="false"/>
            <line number="2" hits="2" branch="false"/>
            <line number="4" hits="2" branch="false"/>
            <line number="5" hits="0" branch="true" condition-coverage="0% (0/2)"/>
            <line number="6" hits="0" branch="false"/>
            <line number="12" hits="0" branch="false"/>
            <line number="13" hits="0" branch="false"/>
            <line number="19" hits="0" branch="false"/>
            <line number="20" hits="0" branch="false"/>
            <line number="22" hits="0" branch="false"/>
            <line number="31" hits="0" branch="true" condition-coverage="0% (0/2)"/>
            <line number="32" hits="0" branch="false"/>
            <line number="38" hits="0" branch="false"/>
            <line number="42" hits="0" branch="false"/>
          </lines>
        </class>
        <class name="index.js" filename="src\middlewares\index.js" line-rate="1" branch-rate="1">
          <methods>
          </methods>
          <lines>
            <line number="1" hits="2" branch="false"/>
          </lines>
        </class>
      </classes>
    </package>
    <package name="src.middlewares.User" line-rate="0.20579999999999998" branch-rate="0">
      <classes>
        <class name="userAuth.js" filename="src\middlewares\User\userAuth.js" line-rate="0.20579999999999998" branch-rate="0">
          <methods>
            <method name="(anonymous_0)" hits="0" signature="()V">
              <lines>
                <line number="6" hits="0"/>
              </lines>
            </method>
            <method name="(anonymous_1)" hits="0" signature="()V">
              <lines>
                <line number="24" hits="0"/>
              </lines>
            </method>
            <method name="(anonymous_2)" hits="0" signature="()V">
              <lines>
                <line number="64" hits="0"/>
              </lines>
            </method>
          </methods>
          <lines>
            <line number="1" hits="2" branch="false"/>
            <line number="2" hits="2" branch="false"/>
            <line number="3" hits="2" branch="false"/>
            <line number="4" hits="2" branch="false"/>
            <line number="6" hits="2" branch="false"/>
            <line number="7" hits="0" branch="false"/>
            <line number="14" hits="0" branch="false"/>
            <line number="15" hits="0" branch="false"/>
            <line number="17" hits="0" branch="false"/>
            <line number="24" hits="2" branch="false"/>
            <line number="25" hits="0" branch="false"/>
            <line number="26" hits="0" branch="true" condition-coverage="0% (0/4)"/>
            <line number="27" hits="0" branch="false"/>
            <line number="36" hits="0" branch="false"/>
            <line number="37" hits="0" branch="false"/>
            <line number="39" hits="0" branch="false"/>
            <line number="40" hits="0" branch="false"/>
            <line number="42" hits="0" branch="true" condition-coverage="0% (0/2)"/>
            <line number="43" hits="0" branch="false"/>
            <line number="46" hits="0" branch="false"/>
            <line number="54" hits="0" branch="false"/>
            <line number="64" hits="2" branch="false"/>
            <line number="65" hits="0" branch="false"/>
            <line number="66" hits="0" branch="true" condition-coverage="0% (0/4)"/>
            <line number="67" hits="0" branch="false"/>
            <line number="76" hits="0" branch="false"/>
            <line number="77" hits="0" branch="false"/>
            <line number="79" hits="0" branch="false"/>
            <line number="80" hits="0" branch="false"/>
            <line number="81" hits="0" branch="false"/>
            <line number="83" hits="0" branch="true" condition-coverage="0% (0/2)"/>
            <line number="84" hits="0" branch="false"/>
            <line number="87" hits="0" branch="false"/>
            <line number="95" hits="0" branch="false"/>
          </lines>
        </class>
      </classes>
    </package>
    <package name="src.providers" line-rate="0.9333" branch-rate="1">
      <classes>
        <class name="db.js" filename="src\providers\db.js" line-rate="0.9333" branch-rate="1">
          <methods>
            <method name="createPool" hits="2" signature="()V">
              <lines>
                <line number="6" hits="2"/>
              </lines>
            </method>
            <method name="(anonymous_1)" hits="218" signature="()V">
              <lines>
                <line number="17" hits="218"/>
              </lines>
            </method>
            <method name="(anonymous_2)" hits="0" signature="()V">
              <lines>
                <line number="21" hits="0"/>
              </lines>
            </method>
            <method name="(anonymous_3)" hits="218" signature="()V">
              <lines>
                <line number="25" hits="218"/>
              </lines>
            </method>
            <method name="(anonymous_4)" hits="218" signature="()V">
              <lines>
                <line number="37" hits="218"/>
              </lines>
            </method>
          </methods>
          <lines>
            <line number="1" hits="2" branch="false"/>
            <line number="4" hits="2" branch="false"/>
            <line number="7" hits="2" branch="false"/>
            <line number="17" hits="2" branch="false"/>
            <line number="18" hits="218" branch="false"/>
            <line number="21" hits="2" branch="false"/>
            <line number="22" hits="0" branch="false"/>
            <line number="25" hits="2" branch="false"/>
            <line number="26" hits="218" branch="false"/>
            <line number="29" hits="2" branch="false"/>
            <line number="30" hits="2" branch="false"/>
            <line number="31" hits="2" branch="false"/>
            <line number="34" hits="2" branch="false"/>
            <line number="36" hits="2" branch="false"/>
            <line number="37" hits="218" branch="false"/>
          </lines>
        </class>
      </classes>
    </package>
    <package name="src.routes" line-rate="1" branch-rate="1">
      <classes>
        <class name="child.route.js" filename="src\routes\child.route.js" line-rate="1" branch-rate="1">
          <methods>
          </methods>
          <lines>
            <line number="1" hits="2" branch="false"/>
            <line number="3" hits="2" branch="false"/>
            <line number="4" hits="2" branch="false"/>
            <line number="5" hits="2" branch="false"/>
            <line number="7" hits="2" branch="false"/>
            <line number="12" hits="2" branch="false"/>
          </lines>
        </class>
        <class name="diagnostic.route.js" filename="src\routes\diagnostic.route.js" line-rate="1" branch-rate="1">
          <methods>
          </methods>
          <lines>
            <line number="1" hits="2" branch="false"/>
            <line number="2" hits="2" branch="false"/>
            <line number="3" hits="2" branch="false"/>
            <line number="4" hits="2" branch="false"/>
            <line number="5" hits="2" branch="false"/>
            <line number="7" hits="2" branch="false"/>
            <line number="31" hits="2" branch="false"/>
            <line number="32" hits="2" branch="false"/>
            <line number="34" hits="2" branch="false"/>
          </lines>
        </class>
        <class name="evaluation.route.js" filename="src\routes\evaluation.route.js" line-rate="1" branch-rate="1">
          <methods>
          </methods>
          <lines>
            <line number="1" hits="2" branch="false"/>
            <line number="3" hits="2" branch="false"/>
            <line number="4" hits="2" branch="false"/>
            <line number="6" hits="2" branch="false"/>
            <line number="10" hits="2" branch="false"/>
            <line number="11" hits="2" branch="false"/>
            <line number="12" hits="2" branch="false"/>
            <line number="13" hits="2" branch="false"/>
            <line number="15" hits="2" branch="false"/>
            <line number="17" hits="2" branch="false"/>
            <line number="18" hits="2" branch="false"/>
            <line number="20" hits="2" branch="false"/>
          </lines>
        </class>
        <class name="exportPdf.route.js" filename="src\routes\exportPdf.route.js" line-rate="1" branch-rate="1">
          <methods>
          </methods>
          <lines>
            <line number="1" hits="2" branch="false"/>
            <line number="2" hits="2" branch="false"/>
            <line number="4" hits="2" branch="false"/>
            <line number="6" hits="2" branch="false"/>
          </lines>
        </class>
        <class name="index.js" filename="src\routes\index.js" line-rate="1" branch-rate="1">
          <methods>
          </methods>
          <lines>
            <line number="1" hits="2" branch="false"/>
            <line number="3" hits="2" branch="false"/>
            <line number="5" hits="2" branch="false"/>
            <line number="6" hits="2" branch="false"/>
            <line number="7" hits="2" branch="false"/>
            <line number="8" hits="2" branch="false"/>
            <line number="9" hits="2" branch="false"/>
            <line number="10" hits="2" branch="false"/>
            <line number="11" hits="2" branch="false"/>
            <line number="13" hits="2" branch="false"/>
          </lines>
        </class>
        <class name="record.route.js" filename="src\routes\record.route.js" line-rate="1" branch-rate="1">
          <methods>
          </methods>
          <lines>
            <line number="1" hits="2" branch="false"/>
            <line number="2" hits="2" branch="false"/>
            <line number="4" hits="2" branch="false"/>
            <line number="6" hits="2" branch="false"/>
            <line number="7" hits="2" branch="false"/>
            <line number="8" hits="2" branch="false"/>
            <line number="10" hits="2" branch="false"/>
          </lines>
        </class>
        <class name="shared.route.js" filename="src\routes\shared.route.js" line-rate="1" branch-rate="1">
          <methods>
          </methods>
          <lines>
            <line number="1" hits="2" branch="false"/>
            <line number="2" hits="2" branch="false"/>
            <line number="4" hits="2" branch="false"/>
            <line number="5" hits="2" branch="false"/>
            <line number="7" hits="2" branch="false"/>
          </lines>
        </class>
        <class name="user.route.js" filename="src\routes\user.route.js" line-rate="1" branch-rate="1">
          <methods>
          </methods>
          <lines>
            <line number="1" hits="2" branch="false"/>
            <line number="2" hits="2" branch="false"/>
            <line number="3" hits="2" branch="false"/>
            <line number="4" hits="2" branch="false"/>
            <line number="6" hits="2" branch="false"/>
            <line number="14" hits="2" branch="false"/>
            <line number="16" hits="2" branch="false"/>
            <line number="18" hits="2" branch="false"/>
          </lines>
        </class>
      </classes>
    </package>
    <package name="src.services" line-rate="0.7090000000000001" branch-rate="0.5489999999999999">
      <classes>
        <class name="child.service.js" filename="src\services\child.service.js" line-rate="0.31420000000000003" branch-rate="0.0588">
          <methods>
            <method name="(anonymous_0)" hits="0" signature="()V">
              <lines>
                <line number="15" hits="0"/>
              </lines>
            </method>
            <method name="(anonymous_1)" hits="0" signature="()V">
              <lines>
                <line number="24" hits="0"/>
              </lines>
            </method>
            <method name="(anonymous_2)" hits="13" signature="()V">
              <lines>
                <line number="32" hits="13"/>
              </lines>
            </method>
            <method name="(anonymous_3)" hits="0" signature="()V">
              <lines>
                <line number="40" hits="0"/>
              </lines>
            </method>
            <method name="(anonymous_4)" hits="0" signature="()V">
              <lines>
                <line number="55" hits="0"/>
              </lines>
            </method>
            <method name="(anonymous_5)" hits="0" signature="()V">
              <lines>
                <line number="63" hits="0"/>
              </lines>
            </method>
          </methods>
          <lines>
            <line number="1" hits="2" branch="false"/>
            <line number="2" hits="2" branch="false"/>
            <line number="3" hits="2" branch="false"/>
            <line number="15" hits="2" branch="false"/>
            <line number="17" hits="0" branch="false"/>
            <line number="21" hits="0" branch="false"/>
            <line number="22" hits="0" branch="true" condition-coverage="0% (0/4)"/>
            <line number="23" hits="0" branch="false"/>
            <line number="24" hits="0" branch="false"/>
            <line number="25" hits="0" branch="false"/>
            <line number="29" hits="0" branch="false"/>
            <line number="32" hits="2" branch="false"/>
            <line number="34" hits="13" branch="false"/>
            <line number="35" hits="12" branch="true" condition-coverage="50% (2/4)"/>
            <line number="37" hits="12" branch="false"/>
            <line number="40" hits="2" branch="false"/>
            <line number="42" hits="0" branch="false"/>
            <line number="43" hits="0" branch="false"/>
            <line number="44" hits="0" branch="true" condition-coverage="0% (0/4)"/>
            <line number="45" hits="0" branch="true" condition-coverage="0% (0/4)"/>
            <line number="46" hits="0" branch="true" condition-coverage="0% (0/4)"/>
            <line number="47" hits="0" branch="true" condition-coverage="0% (0/4)"/>
            <line number="48" hits="0" branch="true" condition-coverage="0% (0/4)"/>
            <line number="49" hits="0" branch="true" condition-coverage="0% (0/2)"/>
            <line number="50" hits="0" branch="false"/>
            <line number="51" hits="0" branch="false"/>
            <line number="53" hits="0" branch="true" condition-coverage="0% (0/4)"/>
            <line number="54" hits="0" branch="false"/>
            <line number="55" hits="0" branch="false"/>
            <line number="56" hits="0" branch="false"/>
            <line number="60" hits="0" branch="false"/>
            <line number="63" hits="2" branch="false"/>
            <line number="65" hits="0" branch="false"/>
            <line number="67" hits="0" branch="false"/>
            <line number="70" hits="2" branch="false"/>
          </lines>
        </class>
        <class name="cron.service.js" filename="src\services\cron.service.js" line-rate="0.25" branch-rate="0">
          <methods>
            <method name="(anonymous_0)" hits="0" signature="()V">
              <lines>
                <line number="16" hits="0"/>
              </lines>
            </method>
          </methods>
          <lines>
            <line number="1" hits="2" branch="false"/>
            <line number="2" hits="2" branch="false"/>
            <line number="3" hits="2" branch="false"/>
            <line number="4" hits="2" branch="false"/>
            <line number="16" hits="2" branch="false"/>
            <line number="17" hits="0" branch="false"/>
            <line number="18" hits="0" branch="false"/>
            <line number="19" hits="0" branch="false"/>
            <line number="21" hits="0" branch="false"/>
            <line number="22" hits="0" branch="false"/>
            <line number="24" hits="0" branch="false"/>
            <line number="25" hits="0" branch="false"/>
            <line number="26" hits="0" branch="false"/>
            <line number="28" hits="0" branch="false"/>
            <line number="29" hits="0" branch="false"/>
            <line number="30" hits="0" branch="false"/>
            <line number="31" hits="0" branch="false"/>
            <line number="32" hits="0" branch="false"/>
            <line number="34" hits="0" branch="true" condition-coverage="0% (0/2)"/>
            <line number="35" hits="0" branch="false"/>
            <line number="36" hits="0" branch="false"/>
            <line number="39" hits="0" branch="false"/>
            <line number="44" hits="0" branch="false"/>
            <line number="48" hits="2" branch="false"/>
          </lines>
        </class>
        <class name="diagnostic.service.js" filename="src\services\diagnostic.service.js" line-rate="0.4021" branch-rate="0.29350000000000004">
          <methods>
            <method name="(anonymous_0)" hits="0" signature="()V">
              <lines>
                <line number="9" hits="0"/>
              </lines>
            </method>
            <method name="(anonymous_1)" hits="2" signature="()V">
              <lines>
                <line number="14" hits="2"/>
              </lines>
            </method>
            <method name="(anonymous_2)" hits="1" signature="()V">
              <lines>
                <line number="36" hits="1"/>
              </lines>
            </method>
            <method name="(anonymous_3)" hits="3" signature="()V">
              <lines>
                <line number="46" hits="3"/>
              </lines>
            </method>
            <method name="(anonymous_4)" hits="1" signature="()V">
              <lines>
                <line number="69" hits="1"/>
              </lines>
            </method>
            <method name="(anonymous_5)" hits="0" signature="()V">
              <lines>
                <line number="91" hits="0"/>
              </lines>
            </method>
            <method name="(anonymous_6)" hits="1" signature="()V">
              <lines>
                <line number="101" hits="1"/>
              </lines>
[...]
            <line number="40" hits="0" branch="false"/>
          </lines>
        </class>
        <class name="shared.service.js" filename="src\services\shared.service.js" line-rate="0.23070000000000002" branch-rate="1">
          <methods>
            <method name="(anonymous_0)" hits="0" signature="()V">
              <lines>
                <line number="5" hits="0"/>
              </lines>
            </method>
            <method name="(anonymous_1)" hits="0" signature="()V">
              <lines>
                <line number="17" hits="0"/>
              </lines>
            </method>
          </methods>
          <lines>
            <line number="1" hits="2" branch="false"/>
            <line number="2" hits="2" branch="false"/>
            <line number="4" hits="2" branch="false"/>
            <line number="6" hits="0" branch="false"/>
            <line number="8" hits="0" branch="false"/>
            <line number="10" hits="0" branch="false"/>
            <line number="12" hits="0" branch="false"/>
            <line number="13" hits="0" branch="false"/>
            <line number="18" hits="0" branch="false"/>
            <line number="20" hits="0" branch="false"/>
            <line number="22" hits="0" branch="false"/>
            <line number="24" hits="0" branch="false"/>
            <line number="25" hits="0" branch="false"/>
          </lines>
        </class>
        <class name="user.service.js" filename="src\services\user.service.js" line-rate="0.23070000000000002" branch-rate="0">
          <methods>
            <method name="(anonymous_0)" hits="0" signature="()V">
              <lines>
                <line number="5" hits="0"/>
              </lines>
            </method>
            <method name="(anonymous_1)" hits="0" signature="()V">
              <lines>
                <line number="38" hits="0"/>
              </lines>
            </method>
            <method name="(anonymous_2)" hits="1" signature="()V">
              <lines>
                <line number="49" hits="1"/>
              </lines>
            </method>
            <method name="(anonymous_3)" hits="0" signature="()V">
              <lines>
                <line number="60" hits="0"/>
              </lines>
            </method>
          </methods>
          <lines>
            <line number="1" hits="2" branch="false"/>
            <line number="2" hits="2" branch="false"/>
            <line number="4" hits="2" branch="false"/>
            <line number="6" hits="0" branch="false"/>
            <line number="8" hits="0" branch="true" condition-coverage="0% (0/2)"/>
            <line number="9" hits="0" branch="true" condition-coverage="0% (0/2)"/>
            <line number="12" hits="0" branch="false"/>
            <line number="13" hits="0" branch="true" condition-coverage="0% (0/4)"/>
            <line number="14" hits="0" branch="false"/>
            <line number="15" hits="0" branch="false"/>
            <line number="23" hits="0" branch="false"/>
            <line number="24" hits="0" branch="false"/>
            <line number="31" hits="0" branch="false"/>
            <line number="33" hits="0" branch="false"/>
            <line number="40" hits="0" branch="false"/>
            <line number="41" hits="0" branch="false"/>
            <line number="42" hits="0" branch="false"/>
            <line number="44" hits="0" branch="false"/>
            <line number="51" hits="1" branch="false"/>
            <line number="52" hits="1" branch="false"/>
            <line number="53" hits="1" branch="false"/>
            <line number="55" hits="0" branch="false"/>
            <line number="62" hits="0" branch="false"/>
            <line number="63" hits="0" branch="false"/>
            <line number="64" hits="0" branch="false"/>
            <line number="66" hits="0" branch="false"/>
          </lines>
        </class>
      </classes>
    </package>
    <package name="src.validation" line-rate="0.21660000000000001" branch-rate="0.1418">
      <classes>
        <class name="child.validation.js" filename="src\validation\child.validation.js" line-rate="0.0816" branch-rate="0">
          <methods>
            <method name="(anonymous_0)" hits="0" signature="()V">
              <lines>
                <line number="12" hits="0"/>
              </lines>
            </method>
            <method name="(anonymous_1)" hits="0" signature="()V">
              <lines>
                <line number="53" hits="0"/>
              </lines>
            </method>
            <method name="(anonymous_2)" hits="0" signature="()V">
              <lines>
                <line number="68" hits="0"/>
              </lines>
            </method>
          </methods>
          <lines>
            <line number="1" hits="2" branch="false"/>
            <line number="8" hits="2" branch="false"/>
            <line number="9" hits="2" branch="false"/>
            <line number="11" hits="2" branch="false"/>
            <line number="13" hits="0" branch="false"/>
            <line number="14" hits="0" branch="false"/>
            <line number="15" hits="0" branch="false"/>
            <line number="17" hits="0" branch="true" condition-coverage="0% (0/2)"/>
            <line number="19" hits="0" branch="false"/>
            <line number="20" hits="0" branch="false"/>
            <line number="21" hits="0" branch="false"/>
            <line number="22" hits="0" branch="false"/>
            <line number="23" hits="0" branch="false"/>
            <line number="25" hits="0" branch="true" condition-coverage="0% (0/2)"/>
            <line number="26" hits="0" branch="false"/>
            <line number="28" hits="0" branch="true" condition-coverage="0% (0/2)"/>
            <line number="29" hits="0" branch="false"/>
            <line number="31" hits="0" branch="true" condition-coverage="0% (0/2)"/>
            <line number="32" hits="0" branch="false"/>
            <line number="34" hits="0" branch="true" condition-coverage="0% (0/2)"/>
            <line number="35" hits="0" branch="false"/>
            <line number="37" hits="0" branch="true" condition-coverage="0% (0/2)"/>
            <line number="38" hits="0" branch="false"/>
            <line number="40" hits="0" branch="true" condition-coverage="0% (0/2)"/>
            <line number="41" hits="0" branch="false"/>
            <line number="43" hits="0" branch="true" condition-coverage="0% (0/2)"/>
            <line number="44" hits="0" branch="false"/>
            <line number="50" hits="0" branch="false"/>
            <line number="54" hits="0" branch="false"/>
            <line number="55" hits="0" branch="false"/>
            <line number="57" hits="0" branch="true" condition-coverage="0% (0/2)"/>
            <line number="58" hits="0" branch="true" condition-coverage="0% (0/2)"/>
            <line number="59" hits="0" branch="false"/>
            <line number="65" hits="0" branch="false"/>
            <line number="69" hits="0" branch="false"/>
            <line number="70" hits="0" branch="false"/>
            <line number="71" hits="0" branch="false"/>
            <line number="72" hits="0" branch="true" condition-coverage="0% (0/2)"/>
            <line number="73" hits="0" branch="true" condition-coverage="0% (0/2)"/>
            <line number="74" hits="0" branch="false"/>
            <line number="79" hits="0" branch="true" condition-coverage="0% (0/2)"/>
            <line number="80" hits="0" branch="false"/>
            <line number="82" hits="0" branch="true" condition-coverage="0% (0/2)"/>
            <line number="83" hits="0" branch="false"/>
            <line number="85" hits="0" branch="true" condition-coverage="0% (0/2)"/>
            <line number="86" hits="0" branch="false"/>
            <line number="89" hits="0" branch="true" condition-coverage="0% (0/2)"/>
            <line number="90" hits="0" branch="false"/>
            <line number="96" hits="0" branch="false"/>
          </lines>
        </class>
        <class name="diagnostic.validation.js" filename="src\validation\diagnostic.validation.js" line-rate="0.3055" branch-rate="0.25">
          <methods>
            <method name="(anonymous_0)" hits="1" signature="()V">
              <lines>
                <line number="5" hits="1"/>
              </lines>
            </method>
            <method name="(anonymous_1)" hits="1" signature="()V">
              <lines>
                <line number="22" hits="1"/>
              </lines>
            </method>
            <method name="(anonymous_2)" hits="1" signature="()V">
              <lines>
                <line number="39" hits="1"/>
              </lines>
            </method>
            <method name="(anonymous_3)" hits="0" signature="()V">
              <lines>
                <line number="71" hits="0"/>
              </lines>
            </method>
            <method name="(anonymous_4)" hits="0" signature="()V">
              <lines>
                <line number="88" hits="0"/>
              </lines>
            </method>
            <method name="(anonymous_5)" hits="0" signature="()V">
              <lines>
                <line number="124" hits="0"/>
              </lines>
            </method>
          </methods>
          <lines>
            <line number="1" hits="2" branch="false"/>
            <line number="2" hits="2" branch="false"/>
            <line number="4" hits="2" branch="false"/>
            <line number="6" hits="1" branch="false"/>
            <line number="7" hits="1" branch="false"/>
            <line number="9" hits="1" branch="true" condition-coverage="50% (1/2)"/>
            <line number="10" hits="0" branch="false"/>
            <line number="12" hits="1" branch="true" condition-coverage="50% (1/2)"/>
            <line number="13" hits="0" branch="false"/>
            <line number="19" hits="1" branch="false"/>
            <line number="23" hits="1" branch="false"/>
            <line number="24" hits="1" branch="false"/>
            <line number="26" hits="1" branch="true" condition-coverage="75% (3/4)"/>
            <line number="27" hits="0" branch="false"/>
            <line number="29" hits="1" branch="true" condition-coverage="50% (1/2)"/>
            <line number="30" hits="0" branch="false"/>
            <line number="36" hits="1" branch="false"/>
            <line number="40" hits="1" branch="false"/>
            <line number="41" hits="1" branch="false"/>
            <line number="42" hits="1" branch="false"/>
            <line number="43" hits="1" branch="true" condition-coverage="75% (3/4)"/>
            <line number="44" hits="0" branch="false"/>
            <line number="46" hits="1" branch="true" condition-coverage="75% (3/4)"/>
            <line number="47" hits="0" branch="false"/>
            <line number="49" hits="1" branch="true" condition-coverage="50% (1/2)"/>
            <line number="55" hits="0" branch="false"/>
            <line number="58" hits="1" branch="true" condition-coverage="50% (1/2)"/>
            <line number="59" hits="0" branch="false"/>
            <line number="61" hits="1" branch="true" condition-coverage="50% (1/2)"/>
            <line number="62" hits="0" branch="false"/>
            <line number="68" hits="1" branch="false"/>
            <line number="72" hits="0" branch="false"/>
            <line number="73" hits="0" branch="false"/>
            <line number="74" hits="0" branch="true" condition-coverage="0% (0/2)"/>
            <line number="75" hits="0" branch="true" condition-coverage="0% (0/2)"/>
            <line number="76" hits="0" branch="false"/>
            <line number="78" hits="0" branch="true" condition-coverage="0% (0/2)"/>
            <line number="79" hits="0" branch="false"/>
            <line number="85" hits="0" branch="false"/>
            <line number="89" hits="0" branch="false"/>
            <line number="90" hits="0" branch="false"/>
            <line number="92" hits="0" branch="true" condition-coverage="0% (0/2)"/>
            <line number="93" hits="0" branch="true" condition-coverage="0% (0/2)"/>
            <line number="94" hits="0" branch="true" condition-coverage="0% (0/2)"/>
            <line number="96" hits="0" branch="true" condition-coverage="0% (0/2)"/>
            <line number="97" hits="0" branch="false"/>
            <line number="98" hits="0" branch="true" condition-coverage="0% (0/2)"/>
            <line number="99" hits="0" branch="false"/>
            <line number="102" hits="0" branch="true" condition-coverage="0% (0/2)"/>
            <line number="103" hits="0" branch="false"/>
            <line number="104" hits="0" branch="true" condition-coverage="0% (0/2)"/>
            <line number="105" hits="0" branch="false"/>
            <line number="108" hits="0" branch="true" condition-coverage="0% (0/2)"/>
            <line number="109" hits="0" branch="false"/>
            <line number="110" hits="0" branch="true" condition-coverage="0% (0/2)"/>
            <line number="111" hits="0" branch="false"/>
            <line number="114" hits="0" branch="true" condition-coverage="0% (0/2)"/>
            <line number="115" hits="0" branch="false"/>
            <line number="121" hits="0" branch="false"/>
            <line number="125" hits="0" branch="false"/>
            <line number="126" hits="0" branch="false"/>
            <line number="127" hits="0" branch="false"/>
            <line number="129" hits="0" branch="true" condition-coverage="0% (0/2)"/>
            <line number="130" hits="0" branch="true" condition-coverage="0% (0/2)"/>
            <line number="131" hits="0" branch="true" condition-coverage="0% (0/2)"/>
            <line number="132" hits="0" branch="true" condition-coverage="0% (0/2)"/>
            <line number="133" hits="0" branch="false"/>
            <line number="135" hits="0" branch="true" condition-coverage="0% (0/2)"/>
            <line number="136" hits="0" branch="false"/>
            <line number="139" hits="0" branch="true" condition-coverage="0% (0/2)"/>
            <line number="140" hits="0" branch="false"/>
            <line number="146" hits="0" branch="false"/>
          </lines>
        </class>
        <class name="evaluation.validation.js" filename="src\validation\evaluation.validation.js" line-rate="0.9" branch-rate="0.6666">
          <methods>
            <method name="(anonymous_0)" hits="1" signature="()V">
              <lines>
                <line number="6" hits="1"/>
              </lines>
            </method>
          </methods>
          <lines>
            <line number="1" hits="2" branch="false"/>
            <line number="2" hits="2" branch="false"/>
            <line number="3" hits="2" branch="false"/>
            <line number="5" hits="2" branch="false"/>
            <line number="7" hits="1" branch="false"/>
            <line number="8" hits="1" branch="false"/>
            <line number="10" hits="1" branch="true" condition-coverage="75% (3/4)"/>
            <line number="11" hits="1" branch="true" condition-coverage="50% (1/2)"/>
            <line number="12" hits="0" branch="false"/>
            <line number="18" hits="1" branch="false"/>
          </lines>
        </class>
        <class name="index.js" filename="src\validation\index.js" line-rate="1" branch-rate="1">
          <methods>
          </methods>
          <lines>
            <line number="1" hits="2" branch="false"/>
          </lines>
        </class>
        <class name="user.validation.js" filename="src\validation\user.validation.js" line-rate="0.0625" branch-rate="0">
          <methods>
            <method name="isValidSubFormat" hits="0" signature="()V">
              <lines>
                <line number="6" hits="0"/>
              </lines>
            </method>
            <method name="isValidSubValue" hits="0" signature="()V">
              <lines>
                <line number="9" hits="0"/>
              </lines>
            </method>
            <method name="(anonymous_2)" hits="0" signature="()V">
              <lines>
                <line number="15" hits="0"/>
              </lines>
            </method>
            <method name="(anonymous_3)" hits="0" signature="()V">
              <lines>
                <line number="32" hits="0"/>
              </lines>
            </method>
            <method name="(anonymous_4)" hits="0" signature="()V">
              <lines>
                <line number="58" hits="0"/>
              </lines>
            </method>
            <method name="(anonymous_5)" hits="0" signature="()V">
              <lines>
                <line number="83" hits="0"/>
              </lines>
            </method>
          </methods>
          <lines>
            <line number="1" hits="2" branch="false"/>
            <line number="3" hits="2" branch="false"/>
            <line number="7" hits="0" branch="true" condition-coverage="0% (0/2)"/>
            <line number="10" hits="0" branch="false"/>
            <line number="11" hits="0" branch="false"/>
            <line number="14" hits="2" branch="false"/>
            <line number="16" hits="0" branch="false"/>
            <line number="17" hits="0" branch="false"/>
            <line number="19" hits="0" branch="true" condition-coverage="0% (0/2)"/>
            <line number="20" hits="0" branch="false"/>
            <line number="22" hits="0" branch="true" condition-coverage="0% (0/2)"/>
            <line number="23" hits="0" branch="false"/>
            <line number="29" hits="0" branch="false"/>
            <line number="33" hits="0" branch="false"/>
            <line number="34" hits="0" branch="false"/>
            <line number="36" hits="0" branch="true" condition-coverage="0% (0/2)"/>
            <line number="37" hits="0" branch="true" condition-coverage="0% (0/2)"/>
            <line number="39" hits="0" branch="true" condition-coverage="0% (0/2)"/>
            <line number="40" hits="0" branch="false"/>
            <line number="42" hits="0" branch="true" condition-coverage="0% (0/2)"/>
            <line number="43" hits="0" branch="false"/>
            <line number="44" hits="0" branch="true" condition-coverage="0% (0/4)"/>
            <line number="45" hits="0" branch="false"/>
            <line number="48" hits="0" branch="true" condition-coverage="0% (0/2)"/>
            <line number="49" hits="0" branch="false"/>
            <line number="55" hits="0" branch="false"/>
            <line number="59" hits="0" branch="false"/>
            <line number="60" hits="0" branch="false"/>
            <line number="62" hits="0" branch="true" condition-coverage="0% (0/2)"/>
            <line number="64" hits="0" branch="true" condition-coverage="0% (0/2)"/>
            <line number="65" hits="0" branch="false"/>
            <line number="68" hits="0" branch="true" condition-coverage="0% (0/2)"/>
            <line number="69" hits="0" branch="false"/>
            <line number="72" hits="0" branch="true" condition-coverage="0% (0/2)"/>
            <line number="73" hits="0" branch="false"/>
            <line number="79" hits="0" branch="false"/>
            <line number="84" hits="0" branch="false"/>
            <line number="85" hits="0" branch="false"/>
            <line number="87" hits="0" branch="true" condition-coverage="0% (0/2)"/>
            <line number="89" hits="0" branch="true" condition-coverage="0% (0/2)"/>
            <line number="90" hits="0" branch="false"/>
            <line number="92" hits="0" branch="false"/>
            <line number="93" hits="0" branch="false"/>
            <line number="95" hits="0" branch="true" condition-coverage="0% (0/5)"/>
            <line number="96" hits="0" branch="false"/>
            <line number="99" hits="0" branch="true" condition-coverage="0% (0/2)"/>
            <line number="100" hits="0" branch="false"/>
            <line number="107" hits="0" branch="false"/>
          </lines>
        </class>
      </classes>
    </package>
  </packages>
</coverage>
