TN:
SF:config\appTestConfig.js
FNF:0
FNH:0
DA:1,2
DA:2,2
DA:3,2
DA:4,2
DA:5,2
DA:6,2
DA:7,2
DA:8,2
LF:8
LH:8
BRF:0
BRH:0
end_of_record
TN:
SF:config\index.js
FNF:0
FNH:0
DA:1,2
DA:2,2
LF:2
LH:2
BRDA:5,0,0,2
BRDA:5,0,1,2
BRDA:7,1,0,2
BRDA:7,1,1,2
BRDA:10,2,0,2
BRDA:10,2,1,0
BRDA:11,3,0,2
BRDA:11,3,1,0
BRDA:12,4,0,2
BRDA:12,4,1,2
BRDA:13,5,0,2
BRDA:13,5,1,0
BRDA:14,6,0,2
BRDA:14,6,1,0
BRDA:15,7,0,2
BRDA:15,7,1,0
BRDA:16,8,0,2
BRDA:16,8,1,2
BRDA:17,9,0,2
BRDA:17,9,1,2
BRDA:18,10,0,2
BRDA:18,10,1,0
BRF:22
BRH:16
end_of_record
TN:
SF:config\query.js
FN:9,(anonymous_0)
FN:11,(anonymous_1)
FN:12,(anonymous_2)
FN:13,(anonymous_3)
FN:15,(anonymous_4)
FN:17,(anonymous_5)
FN:18,(anonymous_6)
FN:21,(anonymous_7)
FN:22,(anonymous_8)
FN:23,(anonymous_9)
FN:25,(anonymous_10)
FN:29,(anonymous_11)
FN:33,(anonymous_12)
FN:42,(anonymous_13)
FN:54,(anonymous_14)
FN:66,(anonymous_15)
FN:68,(anonymous_16)
FN:74,(anonymous_17)
FN:79,(anonymous_18)
FN:80,(anonymous_19)
FN:81,(anonymous_20)
FN:82,(anonymous_21)
FN:84,(anonymous_22)
FN:85,(anonymous_23)
FN:87,(anonymous_24)
FN:89,(anonymous_25)
FN:94,(anonymous_26)
FN:97,(anonymous_27)
FN:105,(anonymous_28)
FN:107,(anonymous_29)
FN:118,(anonymous_30)
FN:123,(anonymous_31)
FN:135,(anonymous_32)
FN:137,(anonymous_33)
FN:139,(anonymous_34)
FN:144,(anonymous_35)
FN:150,(anonymous_36)
FN:155,(anonymous_37)
FN:167,(anonymous_38)
FN:169,(anonymous_39)
FN:171,(anonymous_40)
FN:176,(anonymous_41)
FN:178,(anonymous_42)
FN:183,(anonymous_43)
FN:195,(anonymous_44)
FN:197,(anonymous_45)
FN:206,(anonymous_46)
FN:216,(anonymous_47)
FN:225,(anonymous_48)
FN:234,(anonymous_49)
FN:239,(anonymous_50)
FN:243,(anonymous_51)
FN:277,(anonymous_52)
FN:290,(anonymous_53)
FN:301,(anonymous_54)
FN:335,(anonymous_55)
FN:345,(anonymous_56)
FN:348,(anonymous_57)
FN:350,(anonymous_58)
FN:361,(anonymous_59)
FN:366,(anonymous_60)
FN:369,(anonymous_61)
FN:377,(anonymous_62)
FN:379,(anonymous_63)
FN:381,(anonymous_64)
FN:392,(anonymous_65)
FN:397,(anonymous_66)
FN:402,(anonymous_67)
FN:404,(anonymous_68)
FN:406,(anonymous_69)
FN:417,(anonymous_70)
FN:430,(anonymous_71)
FN:432,(anonymous_72)
FN:445,(anonymous_73)
FN:449,(anonymous_74)
FN:451,(anonymous_75)
FN:457,(anonymous_76)
FN:465,(anonymous_77)
FN:467,(anonymous_78)
FN:469,(anonymous_79)
FN:474,(anonymous_80)
FN:483,(anonymous_81)
FN:498,(anonymous_82)
FN:500,(anonymous_83)
FN:508,(anonymous_84)
FN:515,(anonymous_85)
FN:519,(anonymous_86)
FN:524,(anonymous_87)
FN:526,(anonymous_88)
FN:532,(anonymous_89)
FN:534,(anonymous_90)
FN:543,(anonymous_91)
FN:549,(anonymous_92)
FN:566,(anonymous_93)
FN:568,(anonymous_94)
FN:580,(anonymous_95)
FN:586,(anonymous_96)
FN:592,(anonymous_97)
FN:594,(anonymous_98)
FN:600,(anonymous_99)
FN:602,(anonymous_100)
FN:603,(anonymous_101)
FN:605,(anonymous_102)
FNF:103
FNH:48
FNDA:0,(anonymous_0)
FNDA:0,(anonymous_1)
FNDA:0,(anonymous_2)
FNDA:0,(anonymous_3)
FNDA:13,(anonymous_4)
FNDA:0,(anonymous_5)
FNDA:0,(anonymous_6)
FNDA:1,(anonymous_7)
FNDA:0,(anonymous_8)
FNDA:0,(anonymous_9)
FNDA:0,(anonymous_10)
FNDA:0,(anonymous_11)
FNDA:0,(anonymous_12)
FNDA:2,(anonymous_13)
FNDA:16,(anonymous_14)
FNDA:0,(anonymous_15)
FNDA:3,(anonymous_16)
FNDA:1,(anonymous_17)
FNDA:1,(anonymous_18)
FNDA:1,(anonymous_19)
FNDA:0,(anonymous_20)
FNDA:1,(anonymous_21)
FNDA:0,(anonymous_22)
FNDA:0,(anonymous_23)
FNDA:0,(anonymous_24)
FNDA:1,(anonymous_25)
FNDA:0,(anonymous_26)
FNDA:0,(anonymous_27)
FNDA:0,(anonymous_28)
FNDA:0,(anonymous_29)
FNDA:0,(anonymous_30)
FNDA:0,(anonymous_31)
FNDA:0,(anonymous_32)
FNDA:0,(anonymous_33)
FNDA:0,(anonymous_34)
FNDA:0,(anonymous_35)
FNDA:0,(anonymous_36)
FNDA:0,(anonymous_37)
FNDA:0,(anonymous_38)
FNDA:0,(anonymous_39)
FNDA:0,(anonymous_40)
FNDA:0,(anonymous_41)
FNDA:0,(anonymous_42)
FNDA:0,(anonymous_43)
FNDA:0,(anonymous_44)
FNDA:0,(anonymous_45)
FNDA:2,(anonymous_46)
FNDA:3,(anonymous_47)
FNDA:0,(anonymous_48)
FNDA:0,(anonymous_49)
FNDA:4,(anonymous_50)
FNDA:44,(anonymous_51)
FNDA:0,(anonymous_52)
FNDA:0,(anonymous_53)
FNDA:0,(anonymous_54)
FNDA:4,(anonymous_55)
FNDA:1,(anonymous_56)
FNDA:2,(anonymous_57)
FNDA:3,(anonymous_58)
FNDA:4,(anonymous_59)
FNDA:0,(anonymous_60)
FNDA:0,(anonymous_61)
FNDA:4,(anonymous_62)
FNDA:1,(anonymous_63)
FNDA:6,(anonymous_64)
FNDA:9,(anonymous_65)
FNDA:0,(anonymous_66)
FNDA:1,(anonymous_67)
FNDA:1,(anonymous_68)
FNDA:6,(anonymous_69)
FNDA:6,(anonymous_70)
FNDA:11,(anonymous_71)
FNDA:11,(anonymous_72)
FNDA:0,(anonymous_73)
FNDA:26,(anonymous_74)
FNDA:5,(anonymous_75)
FNDA:1,(anonymous_76)
FNDA:1,(anonymous_77)
FNDA:2,(anonymous_78)
FNDA:8,(anonymous_79)
FNDA:6,(anonymous_80)
FNDA:3,(anonymous_81)
FNDA:6,(anonymous_82)
FNDA:12,(anonymous_83)
FNDA:2,(anonymous_84)
FNDA:2,(anonymous_85)
FNDA:0,(anonymous_86)
FNDA:1,(anonymous_87)
FNDA:0,(anonymous_88)
FNDA:0,(anonymous_89)
FNDA:0,(anonymous_90)
FNDA:0,(anonymous_91)
FNDA:6,(anonymous_92)
FNDA:3,(anonymous_93)
FNDA:3,(anonymous_94)
FNDA:12,(anonymous_95)
FNDA:6,(anonymous_96)
FNDA:3,(anonymous_97)
FNDA:0,(anonymous_98)
FNDA:0,(anonymous_99)
FNDA:0,(anonymous_100)
FNDA:0,(anonymous_101)
FNDA:0,(anonymous_102)
DA:1,2
DA:3,2
DA:10,0
DA:11,0
DA:12,0
DA:14,0
DA:16,13
DA:17,0
DA:18,0
DA:21,1
DA:22,0
DA:24,0
DA:26,0
DA:30,0
DA:33,0
DA:43,2
DA:54,16
DA:66,0
DA:71,3
DA:75,1
DA:79,1
DA:80,1
DA:81,0
DA:82,1
DA:84,0
DA:86,0
DA:88,0
DA:90,1
DA:95,0
DA:96,0
DA:98,0
DA:99,0
DA:100,0
DA:104,0
DA:106,0
DA:108,0
DA:113,0
DA:119,0
DA:120,0
DA:121,0
DA:123,0
DA:124,0
DA:125,0
DA:126,0
DA:127,0
DA:128,0
DA:129,0
DA:130,0
DA:134,0
DA:136,0
DA:138,0
DA:140,0
DA:145,0
DA:148,0
DA:151,0
DA:152,0
DA:153,0
DA:155,0
DA:156,0
DA:157,0
DA:158,0
DA:159,0
DA:160,0
DA:161,0
DA:162,0
DA:166,0
DA:168,0
DA:170,0
DA:172,0
DA:177,0
DA:179,0
DA:180,0
DA:182,0
DA:183,0
DA:184,0
DA:186,0
DA:187,0
DA:188,0
DA:189,0
DA:193,0
DA:196,0
DA:197,0
DA:198,0
DA:199,0
DA:200,0
DA:204,0
DA:207,2
DA:216,2
DA:217,3
DA:218,3
DA:219,1
DA:222,2
DA:223,2
DA:225,0
DA:234,0
DA:240,4
DA:241,4
DA:242,4
DA:243,4
DA:244,44
DA:246,44
DA:248,4
DA:251,4
DA:274,4
DA:278,0
DA:287,0
DA:298,0
DA:299,0
DA:300,0
DA:301,0
DA:302,0
DA:304,0
DA:306,0
DA:309,0
DA:332,0
DA:336,4
DA:342,4
DA:346,1
DA:349,2
DA:356,3
DA:364,4
DA:366,0
DA:373,0
DA:378,4
DA:380,1
DA:390,6
DA:393,9
DA:397,0
DA:402,1
DA:405,1
DA:413,6
DA:425,6
DA:430,11
DA:437,11
DA:445,0
DA:449,26
DA:455,5
DA:460,1
DA:466,1
DA:468,2
DA:470,8
DA:479,6
DA:487,3
DA:499,6
DA:504,12
DA:511,2
DA:515,2
DA:522,0
DA:525,1
DA:527,0
DA:533,0
DA:540,0
DA:544,0
DA:555,6
DA:567,3
DA:571,3
DA:581,12
DA:587,6
DA:593,3
DA:595,0
DA:596,0
DA:601,0
DA:602,0
DA:604,0
DA:605,0
LF:165
LH:63
BRDA:45,0,0,0
BRDA:45,0,1,2
BRDA:47,1,0,1
BRDA:47,1,1,1
BRDA:96,2,0,0
BRDA:96,2,1,0
BRDA:99,3,0,0
BRDA:99,3,1,0
BRDA:127,4,0,0
BRDA:127,4,1,0
BRDA:159,5,0,0
BRDA:159,5,1,0
BRDA:187,6,0,0
BRDA:187,6,1,0
BRDA:199,7,0,0
BRDA:199,7,1,0
BRDA:207,8,0,1
BRDA:207,8,1,1
BRDA:218,9,0,1
BRDA:218,9,1,2
BRDA:222,10,0,1
BRDA:222,10,1,1
BRDA:241,11,0,4
BRDA:241,11,1,0
BRDA:246,12,0,40
BRDA:246,12,1,4
BRDA:264,13,0,4
BRDA:264,13,1,0
BRDA:299,14,0,0
BRDA:299,14,1,0
BRDA:304,15,0,0
BRDA:304,15,1,0
BRDA:322,16,0,0
BRDA:322,16,1,0
BRDA:595,17,0,0
BRDA:595,17,1,0
BRDA:595,18,0,0
BRDA:595,18,1,0
BRF:38
BRH:13
end_of_record
TN:
SF:src\controllers_v2\child.controller.js
FN:5,(anonymous_0)
FN:22,(anonymous_1)
FN:39,(anonymous_2)
FN:56,(anonymous_3)
FNF:4
FNH:0
FNDA:0,(anonymous_0)
FNDA:0,(anonymous_1)
FNDA:0,(anonymous_2)
FNDA:0,(anonymous_3)
DA:1,2
DA:5,2
DA:6,0
DA:7,0
DA:8,0
DA:14,0
DA:22,2
DA:23,0
DA:24,0
DA:25,0
DA:31,0
DA:39,2
DA:40,0
DA:41,0
DA:42,0
DA:48,0
DA:56,2
DA:57,0
DA:58,0
DA:59,0
DA:65,0
DA:73,2
LF:22
LH:6
BRDA:8,0,0,0
BRDA:8,0,1,0
BRDA:9,1,0,0
BRDA:9,1,1,0
BRDA:11,2,0,0
BRDA:11,2,1,0
BRDA:25,3,0,0
BRDA:25,3,1,0
BRDA:26,4,0,0
BRDA:26,4,1,0
BRDA:27,5,0,0
BRDA:27,5,1,0
BRDA:28,6,0,0
BRDA:28,6,1,0
BRDA:42,7,0,0
BRDA:42,7,1,0
BRDA:43,8,0,0
BRDA:43,8,1,0
BRDA:45,9,0,0
BRDA:45,9,1,0
BRDA:59,10,0,0
BRDA:59,10,1,0
BRDA:60,11,0,0
BRDA:60,11,1,0
BRDA:62,12,0,0
BRDA:62,12,1,0
BRF:26
BRH:0
end_of_record
TN:
SF:src\controllers_v2\diagnostic.controller.js
FN:6,(anonymous_0)
FN:23,(anonymous_1)
FN:40,(anonymous_2)
FN:57,(anonymous_3)
FN:74,(anonymous_4)
FN:91,(anonymous_5)
FN:130,(anonymous_6)
FN:149,(anonymous_7)
FN:169,(anonymous_8)
FN:190,(anonymous_9)
FN:210,(anonymous_10)
FNF:11
FNH:6
FNDA:0,(anonymous_0)
FNDA:1,(anonymous_1)
FNDA:1,(anonymous_2)
FNDA:1,(anonymous_3)
FNDA:0,(anonymous_4)
FNDA:1,(anonymous_5)
FNDA:1,(anonymous_6)
FNDA:1,(anonymous_7)
FNDA:0,(anonymous_8)
FNDA:0,(anonymous_9)
FNDA:0,(anonymous_10)
DA:1,2
DA:6,2
DA:7,0
DA:8,0
DA:9,0
DA:15,0
DA:23,2
DA:24,1
DA:25,1
DA:26,1
DA:32,0
DA:40,2
DA:41,1
DA:42,1
DA:43,1
DA:49,0
DA:57,2
DA:58,1
DA:59,1
DA:60,1
DA:66,0
DA:74,2
DA:75,0
DA:76,0
DA:77,0
DA:83,0
DA:91,2
DA:92,1
DA:93,1
DA:95,1
DA:96,1
DA:97,1
DA:99,1
DA:100,0
DA:111,1
DA:113,1
DA:114,1
DA:121,0
DA:122,0
DA:130,2
DA:131,1
DA:132,1
DA:133,1
DA:139,0
DA:149,2
DA:150,1
DA:151,1
DA:155,1
DA:161,0
DA:169,2
DA:170,0
DA:171,0
DA:176,0
DA:182,0
DA:190,2
DA:191,0
DA:192,0
DA:196,0
DA:202,0
DA:210,2
DA:211,0
DA:213,0
DA:214,0
DA:215,0
DA:218,0
DA:220,0
DA:221,0
DA:228,0
DA:234,0
DA:242,2
LF:70
LH:37
BRDA:77,0,0,0
BRDA:77,0,1,0
BRDA:78,1,0,0
BRDA:78,1,1,0
BRDA:80,2,0,0
BRDA:80,2,1,0
BRDA:99,3,0,0
BRDA:99,3,1,1
BRDA:99,4,0,1
BRDA:99,4,1,1
BRDA:99,4,2,1
BRDA:103,5,0,0
BRDA:103,5,1,0
BRDA:105,6,0,0
BRDA:105,6,1,0
BRDA:113,7,0,1
BRDA:113,7,1,0
BRDA:133,8,0,1
BRDA:133,8,1,0
BRDA:134,9,0,1
BRDA:134,9,1,0
BRDA:136,10,0,1
BRDA:136,10,1,0
BRDA:213,11,0,0
BRDA:213,11,1,0
BRDA:220,12,0,0
BRDA:220,12,1,0
BRDA:220,13,0,0
BRDA:220,13,1,0
BRDA:220,13,2,0
BRF:30
BRH:8
end_of_record
TN:
SF:src\controllers_v2\evaluation.controller.js
FN:3,(anonymous_0)
FN:20,(anonymous_1)
FN:37,(anonymous_2)
FN:53,(anonymous_3)
FN:69,(anonymous_4)
FN:85,(anonymous_5)
FN:103,(anonymous_6)
FN:120,(anonymous_7)
FN:137,(anonymous_8)
FNF:9
FNH:3
FNDA:1,(anonymous_0)
FNDA:1,(anonymous_1)
FNDA:10,(anonymous_2)
FNDA:0,(anonymous_3)
FNDA:0,(anonymous_4)
FNDA:0,(anonymous_5)
FNDA:0,(anonymous_6)
FNDA:0,(anonymous_7)
FNDA:0,(anonymous_8)
DA:1,2
DA:3,2
DA:4,1
DA:5,1
DA:6,1
DA:12,0
DA:20,2
DA:21,1
DA:22,1
DA:23,1
DA:29,0
DA:37,2
DA:38,10
DA:39,10
DA:40,9
DA:46,1
DA:53,2
DA:54,0
DA:55,0
DA:56,0
DA:62,0
DA:69,2
DA:70,0
DA:71,0
DA:72,0
DA:78,0
DA:85,2
DA:86,0
DA:87,0
DA:88,0
DA:94,0
DA:95,0
DA:103,2
DA:104,0
DA:105,0
DA:106,0
DA:112,0
DA:120,2
DA:121,0
DA:122,0
DA:123,0
DA:129,0
DA:137,2
DA:138,0
DA:139,0
DA:140,0
DA:146,0
DA:154,2
LF:48
LH:21
BRF:0
BRH:0
end_of_record
TN:
SF:src\controllers_v2\exportPdf.controller.js
FN:4,(anonymous_0)
FNF:1
FNH:0
FNDA:0,(anonymous_0)
DA:1,2
DA:2,2
DA:4,2
DA:5,0
DA:6,0
DA:7,0
DA:8,0
DA:12,0
DA:18,0
DA:26,2
LF:10
LH:4
BRF:0
BRH:0
end_of_record
TN:
SF:src\controllers_v2\index.js
FNF:0
FNH:0
DA:1,2
DA:2,2
DA:3,2
DA:4,2
DA:5,2
DA:6,2
DA:7,2
LF:7
LH:7
BRF:0
BRH:0
end_of_record
TN:
SF:src\controllers_v2\record.controller.js
FN:3,(anonymous_0)
FN:20,(anonymous_1)
FN:45,(anonymous_2)
FNF:3
FNH:0
FNDA:0,(anonymous_0)
FNDA:0,(anonymous_1)
FNDA:0,(anonymous_2)
DA:1,2
DA:3,2
DA:4,0
DA:5,0
DA:6,0
DA:12,0
DA:20,2
DA:21,0
DA:22,0
DA:23,0
DA:24,0
DA:30,0
DA:37,0
DA:45,2
DA:46,0
DA:47,0
DA:48,0
DA:54,0
DA:62,2
LF:19
LH:5
BRDA:23,0,0,0
BRDA:23,0,1,0
BRF:2
BRH:0
end_of_record
TN:
SF:src\controllers_v2\shared.controller.js
FN:3,(anonymous_0)
FN:20,(anonymous_1)
FNF:2
FNH:0
FNDA:0,(anonymous_0)
FNDA:0,(anonymous_1)
DA:1,2
DA:3,2
DA:4,0
DA:5,0
DA:6,0
DA:12,0
DA:20,2
DA:21,0
DA:22,0
DA:23,0
DA:29,0
DA:37,2
LF:12
LH:4
BRF:0
BRH:0
end_of_record
TN:
SF:src\controllers_v2\user.controller.js
FN:3,(anonymous_0)
FN:27,(anonymous_1)
FN:55,(anonymous_2)
FNF:3
FNH:0
FNDA:0,(anonymous_0)
FNDA:0,(anonymous_1)
FNDA:0,(anonymous_2)
DA:1,2
DA:3,2
DA:4,0
DA:5,0
DA:6,0
DA:7,0
DA:13,0
DA:19,0
DA:27,2
DA:28,0
DA:29,0
DA:30,0
DA:31,0
DA:37,0
DA:38,0
DA:47,0
DA:55,2
DA:56,0
DA:57,0
DA:58,0
DA:64,0
DA:72,2
LF:22
LH:5
BRDA:6,0,0,0
BRDA:6,0,1,0
BRDA:30,1,0,0
BRDA:30,1,1,0
BRF:4
BRH:0
end_of_record
TN:
SF:src\helpers\accordionFormatter.js
FN:1,(anonymous_0)
FN:78,dataLabel
FN:80,(anonymous_2)
FN:83,(anonymous_3)
FN:108,dataValue
FN:110,(anonymous_5)
FNF:6
FNH:6
FNDA:2,(anonymous_0)
FNDA:18,dataLabel
FNDA:136,(anonymous_2)
FNDA:586,(anonymous_3)
FNDA:10,dataValue
FNDA:76,(anonymous_5)
DA:1,2
DA:2,2
DA:3,2
DA:4,2
DA:6,2
DA:7,2
DA:8,2
DA:10,2
DA:11,2
DA:12,2
DA:14,2
DA:15,2
DA:16,2
DA:18,2
DA:19,2
DA:20,2
DA:21,2
DA:23,2
DA:24,2
DA:25,2
DA:27,2
DA:28,2
DA:29,2
DA:31,2
DA:32,2
DA:33,2
DA:35,2
DA:36,2
DA:37,2
DA:38,2
DA:40,2
DA:41,2
DA:42,2
DA:44,2
DA:45,2
DA:46,2
DA:48,2
DA:49,2
DA:50,2
DA:52,2
DA:53,2
DA:54,2
DA:56,2
DA:57,2
DA:58,2
DA:60,2
DA:79,18
DA:80,18
DA:81,136
DA:82,136
DA:83,136
DA:84,586
DA:86,136
DA:87,10
DA:88,10
DA:89,10
DA:90,10
DA:91,10
DA:92,10
DA:93,10
DA:95,136
DA:96,10
DA:97,10
DA:98,10
DA:99,10
DA:100,10
DA:101,10
DA:102,10
DA:104,136
DA:106,18
DA:109,10
DA:110,10
DA:111,76
DA:112,76
DA:114,10
DA:116,2
LF:76
LH:76
BRDA:79,0,0,18
BRDA:79,0,1,0
BRDA:86,1,0,10
BRDA:86,1,1,126
BRDA:95,2,0,10
BRDA:95,2,1,126
BRDA:109,3,0,10
BRDA:109,3,1,0
BRDA:112,4,0,20
BRDA:112,4,1,56
BRF:10
BRH:8
end_of_record
TN:
SF:src\helpers\index.js
FNF:0
FNH:0
DA:1,2
LF:1
LH:1
BRF:0
BRH:0
end_of_record
TN:
SF:src\helpers\isEmpty.js
FN:1,(anonymous_0)
FNF:1
FNH:1
FNDA:4,(anonymous_0)
DA:1,2
DA:2,4
DA:7,2
LF:3
LH:3
BRDA:2,0,0,4
BRDA:2,0,1,4
BRDA:2,0,2,4
BRDA:2,0,3,4
BRDA:2,0,4,0
BRDA:2,0,5,0
BRF:6
BRH:4
end_of_record
TN:
SF:src\helpers\properties.js
FN:7,(anonymous_0)
FN:8,(anonymous_1)
FN:9,(anonymous_2)
FN:10,(anonymous_3)
FN:12,(anonymous_4)
FN:13,(anonymous_5)
FN:14,(anonymous_6)
FN:15,(anonymous_7)
FN:16,(anonymous_8)
FN:21,(anonymous_9)
FN:24,(anonymous_10)
FNF:11
FNH:4
FNDA:1,(anonymous_0)
FNDA:1,(anonymous_1)
FNDA:0,(anonymous_2)
FNDA:1,(anonymous_3)
FNDA:0,(anonymous_4)
FNDA:0,(anonymous_5)
FNDA:0,(anonymous_6)
FNDA:0,(anonymous_7)
FNDA:132,(anonymous_8)
FNDA:0,(anonymous_9)
FNDA:0,(anonymous_10)
DA:1,2
DA:2,2
DA:3,2
DA:4,2
DA:6,2
DA:7,1
DA:8,1
DA:9,0
DA:10,1
DA:12,0
DA:13,0
DA:14,0
DA:15,0
DA:17,132
DA:18,132
DA:19,132
DA:22,0
DA:25,0
LF:18
LH:11
BRDA:12,0,0,0
BRDA:12,0,1,0
BRDA:13,1,0,0
BRDA:13,1,1,0
BRDA:14,2,0,0
BRDA:14,2,1,0
BRDA:15,3,0,0
BRDA:15,3,1,0
BRDA:25,4,0,0
BRDA:25,4,1,0
BRF:10
BRH:0
end_of_record
TN:
SF:src\helpers\upload.js
FN:7,(anonymous_0)
FN:12,(anonymous_1)
FN:25,(anonymous_2)
FNF:3
FNH:0
FNDA:0,(anonymous_0)
FNDA:0,(anonymous_1)
FNDA:0,(anonymous_2)
DA:1,2
DA:2,2
DA:3,2
DA:4,2
DA:6,2
DA:8,0
DA:9,0
DA:10,0
DA:13,0
DA:14,0
DA:15,0
DA:16,0
DA:20,2
DA:26,0
DA:27,0
DA:28,0
DA:30,0
DA:33,0
DA:34,0
DA:39,2
LF:20
LH:7
BRDA:27,0,0,0
BRDA:27,0,1,0
BRF:2
BRH:0
end_of_record
TN:
SF:src\middlewares\GuardRoute.js
FN:4,(anonymous_0)
FN:30,(anonymous_1)
FNF:2
FNH:0
FNDA:0,(anonymous_0)
FNDA:0,(anonymous_1)
DA:1,2
DA:2,2
DA:4,2
DA:5,0
DA:6,0
DA:12,0
DA:13,0
DA:19,0
DA:20,0
DA:22,0
DA:31,0
DA:32,0
DA:38,0
DA:42,0
LF:14
LH:3
BRDA:5,0,0,0
BRDA:5,0,1,0
BRDA:31,1,0,0
BRDA:31,1,1,0
BRF:4
BRH:0
end_of_record
TN:
SF:src\middlewares\index.js
FNF:0
FNH:0
DA:1,2
LF:1
LH:1
BRF:0
BRH:0
end_of_record
TN:
SF:src\middlewares\User\userAuth.js
FN:6,(anonymous_0)
FN:24,(anonymous_1)
FN:64,(anonymous_2)
FNF:3
FNH:0
FNDA:0,(anonymous_0)
FNDA:0,(anonymous_1)
FNDA:0,(anonymous_2)
DA:1,2
DA:2,2
DA:3,2
DA:4,2
DA:6,2
DA:7,0
DA:14,0
DA:15,0
DA:17,0
DA:24,2
DA:25,0
DA:26,0
DA:27,0
DA:36,0
DA:37,0
DA:39,0
DA:40,0
DA:42,0
DA:43,0
DA:46,0
DA:54,0
DA:64,2
DA:65,0
DA:66,0
DA:67,0
DA:76,0
DA:77,0
DA:79,0
DA:80,0
DA:81,0
DA:83,0
DA:84,0
DA:87,0
DA:95,0
LF:34
LH:7
BRDA:26,0,0,0
BRDA:26,0,1,0
BRDA:26,1,0,0
BRDA:26,1,1,0
BRDA:42,2,0,0
BRDA:42,2,1,0
BRDA:66,3,0,0
BRDA:66,3,1,0
BRDA:66,4,0,0
BRDA:66,4,1,0
BRDA:83,5,0,0
BRDA:83,5,1,0
BRF:12
BRH:0
end_of_record
TN:
SF:src\providers\db.js
FN:6,createPool
FN:17,(anonymous_1)
FN:21,(anonymous_2)
FN:25,(anonymous_3)
FN:37,(anonymous_4)
FNF:5
FNH:4
FNDA:2,createPool
FNDA:218,(anonymous_1)
FNDA:0,(anonymous_2)
FNDA:218,(anonymous_3)
FNDA:218,(anonymous_4)
DA:1,2
DA:4,2
DA:7,2
DA:17,2
DA:18,218
DA:21,2
DA:22,0
DA:25,2
DA:26,218
DA:29,2
DA:30,2
DA:31,2
DA:34,2
DA:36,2
DA:37,218
LF:15
LH:14
BRF:0
BRH:0
end_of_record
TN:
SF:src\routes\child.route.js
FNF:0
FNH:0
DA:1,2
DA:3,2
DA:4,2
DA:5,2
DA:7,2
DA:12,2
LF:6
LH:6
BRF:0
BRH:0
end_of_record
TN:
SF:src\routes\diagnostic.route.js
FNF:0
FNH:0
DA:1,2
DA:2,2
DA:3,2
DA:4,2
DA:5,2
DA:7,2
DA:31,2
DA:32,2
DA:34,2
LF:9
LH:9
BRF:0
BRH:0
end_of_record
TN:
SF:src\routes\evaluation.route.js
FNF:0
FNH:0
DA:1,2
DA:3,2
DA:4,2
DA:6,2
DA:10,2
DA:11,2
DA:12,2
DA:13,2
DA:15,2
DA:17,2
DA:18,2
DA:20,2
LF:12
LH:12
BRF:0
BRH:0
end_of_record
TN:
SF:src\routes\exportPdf.route.js
FNF:0
FNH:0
DA:1,2
DA:2,2
DA:4,2
DA:6,2
LF:4
LH:4
BRF:0
BRH:0
end_of_record
TN:
SF:src\routes\index.js
FNF:0
FNH:0
DA:1,2
DA:3,2
DA:5,2
DA:6,2
DA:7,2
DA:8,2
DA:9,2
DA:10,2
DA:11,2
DA:13,2
LF:10
LH:10
BRF:0
BRH:0
end_of_record
TN:
SF:src\routes\record.route.js
FNF:0
FNH:0
DA:1,2
DA:2,2
DA:4,2
DA:6,2
DA:7,2
DA:8,2
DA:10,2
LF:7
LH:7
BRF:0
BRH:0
end_of_record
TN:
SF:src\routes\shared.route.js
FNF:0
FNH:0
DA:1,2
DA:2,2
DA:4,2
DA:5,2
DA:7,2
LF:5
LH:5
BRF:0
BRH:0
end_of_record
TN:
SF:src\routes\user.route.js
FNF:0
FNH:0
DA:1,2
DA:2,2
DA:3,2
DA:4,2
DA:6,2
DA:14,2
DA:16,2
DA:18,2
LF:8
LH:8
BRF:0
BRH:0
end_of_record
TN:
SF:src\services\child.service.js
FN:15,(anonymous_0)
FN:24,(anonymous_1)
FN:32,(anonymous_2)
FN:40,(anonymous_3)
FN:55,(anonymous_4)
FN:63,(anonymous_5)
FNF:6
FNH:1
FNDA:0,(anonymous_0)
FNDA:0,(anonymous_1)
FNDA:13,(anonymous_2)
FNDA:0,(anonymous_3)
FNDA:0,(anonymous_4)
FNDA:0,(anonymous_5)
DA:1,2
DA:2,2
DA:3,2
DA:15,2
DA:17,0
DA:21,0
DA:22,0
DA:23,0
DA:24,0
DA:25,0
DA:29,0
DA:32,2
DA:34,13
DA:35,12
DA:37,12
DA:40,2
DA:42,0
DA:43,0
DA:44,0
DA:45,0
DA:46,0
DA:47,0
DA:48,0
DA:49,0
DA:50,0
DA:51,0
DA:53,0
DA:54,0
DA:55,0
DA:56,0
DA:60,0
DA:63,2
DA:65,0
DA:67,0
DA:70,2
LF:35
LH:11
BRDA:22,0,0,0
BRDA:22,0,1,0
BRDA:22,1,0,0
BRDA:22,1,1,0
BRDA:35,2,0,12
BRDA:35,2,1,0
BRDA:35,3,0,12
BRDA:35,3,1,0
BRDA:44,4,0,0
BRDA:44,4,1,0
BRDA:44,5,0,0
BRDA:44,5,1,0
BRDA:45,6,0,0
BRDA:45,6,1,0
BRDA:45,7,0,0
BRDA:45,7,1,0
BRDA:46,8,0,0
BRDA:46,8,1,0
BRDA:46,9,0,0
BRDA:46,9,1,0
BRDA:47,10,0,0
BRDA:47,10,1,0
BRDA:47,11,0,0
BRDA:47,11,1,0
BRDA:48,12,0,0
BRDA:48,12,1,0
BRDA:48,13,0,0
BRDA:48,13,1,0
BRDA:49,14,0,0
BRDA:49,14,1,0
BRDA:53,15,0,0
BRDA:53,15,1,0
BRDA:53,16,0,0
BRDA:53,16,1,0
BRF:34
BRH:2
end_of_record
TN:
SF:src\services\cron.service.js
FN:16,(anonymous_0)
FNF:1
FNH:0
FNDA:0,(anonymous_0)
DA:1,2
DA:2,2
DA:3,2
DA:4,2
DA:16,2
DA:17,0
DA:18,0
DA:19,0
DA:21,0
DA:22,0
DA:24,0
DA:25,0
DA:26,0
DA:28,0
DA:29,0
DA:30,0
DA:31,0
DA:32,0
DA:34,0
DA:35,0
DA:36,0
DA:39,0
DA:44,0
DA:48,2
LF:24
LH:6
BRDA:34,0,0,0
BRDA:34,0,1,0
BRF:2
BRH:0
end_of_record
TN:
SF:src\services\diagnostic.service.js
FN:9,(anonymous_0)
FN:14,(anonymous_1)
FN:36,(anonymous_2)
FN:46,(anonymous_3)
FN:69,(anonymous_4)
FN:91,(anonymous_5)
FN:101,(anonymous_6)
FN:123,(anonymous_7)
FN:156,(anonymous_8)
FN:187,(anonymous_9)
FN:202,(anonymous_10)
FN:208,(anonymous_11)
FN:209,(anonymous_12)
FN:226,(anonymous_13)
FN:245,(anonymous_14)
FN:403,(anonymous_15)
FN:441,(anonymous_16)
FN:447,(anonymous_17)
FN:533,(anonymous_18)
FN:563,(anonymous_19)
FN:578,(anonymous_20)
FN:584,(anonymous_21)
FN:585,(anonymous_22)
FN:602,(anonymous_23)
FN:620,(anonymous_24)
FNF:25
FNH:8
FNDA:0,(anonymous_0)
FNDA:2,(anonymous_1)
FNDA:1,(anonymous_2)
FNDA:3,(anonymous_3)
FNDA:1,(anonymous_4)
FNDA:0,(anonymous_5)
FNDA:1,(anonymous_6)
FNDA:1,(anonymous_7)
FNDA:1,(anonymous_8)
FNDA:0,(anonymous_9)
FNDA:0,(anonymous_10)
FNDA:0,(anonymous_11)
FNDA:0,(anonymous_12)
FNDA:0,(anonymous_13)
FNDA:0,(anonymous_14)
FNDA:0,(anonymous_15)
FNDA:0,(anonymous_16)
FNDA:1,(anonymous_17)
FNDA:0,(anonymous_18)
FNDA:0,(anonymous_19)
FNDA:0,(anonymous_20)
FNDA:0,(anonymous_21)
FNDA:0,(anonymous_22)
FNDA:0,(anonymous_23)
FNDA:0,(anonymous_24)
DA:1,2
DA:2,2
DA:3,2
DA:4,2
DA:5,2
DA:6,2
DA:8,2
DA:10,0
DA:12,0
DA:16,2
DA:17,2
DA:18,2
DA:21,2
DA:25,2
DA:27,1
DA:30,1
DA:33,2
DA:40,1
DA:43,1
DA:45,1
DA:48,3
DA:50,3
DA:53,0
DA:56,3
DA:58,3
DA:66,1
DA:73,1
DA:76,1
DA:77,1
DA:78,1
DA:79,0
DA:82,1
DA:83,1
DA:86,1
DA:89,1
DA:95,0
DA:99,0
DA:103,1
DA:106,1
DA:107,1
DA:108,1
DA:116,1
DA:121,1
DA:124,1
DA:125,1
DA:126,1
DA:127,0
DA:128,0
DA:129,0
DA:130,0
DA:131,0
DA:132,0
DA:136,1
DA:137,0
DA:138,0
DA:140,0
DA:143,1
DA:146,1
DA:147,1
DA:150,1
DA:152,0
DA:160,1
DA:161,1
DA:164,1
DA:167,1
DA:168,1
DA:169,1
DA:173,1
DA:184,1
DA:186,0
DA:189,0
DA:194,0
DA:199,0
DA:202,0
DA:203,0
DA:207,0
DA:208,0
DA:210,0
DA:213,0
DA:221,0
DA:224,1
DA:225,0
DA:228,0
DA:231,0
DA:237,0
DA:242,1
DA:248,0
DA:250,0
DA:251,0
DA:259,0
DA:261,0
DA:263,0
DA:270,0
DA:271,0
DA:277,0
DA:285,0
DA:292,0
DA:293,0
DA:302,0
DA:310,0
DA:312,0
DA:317,0
DA:318,0
DA:329,0
DA:340,0
DA:342,0
DA:349,0
DA:350,0
DA:356,0
DA:364,0
DA:365,0
DA:374,0
DA:377,0
DA:383,0
DA:395,0
DA:400,0
DA:405,0
DA:408,0
DA:410,0
DA:419,0
DA:430,0
DA:432,0
DA:435,0
DA:437,0
DA:442,0
DA:444,0
DA:448,1
DA:449,1
DA:451,1
DA:454,1
DA:457,1
DA:465,1
DA:466,6
DA:468,6
DA:470,3
DA:471,3
DA:476,0
DA:481,0
DA:483,3
DA:485,3
DA:486,3
DA:488,0
DA:489,0
DA:491,2
DA:492,2
DA:496,0
DA:497,0
DA:499,1
DA:500,1
DA:502,0
DA:503,0
DA:505,0
DA:509,6
DA:510,6
DA:513,6
DA:525,6
DA:535,0
DA:536,0
DA:539,0
DA:542,0
DA:543,0
DA:544,0
DA:548,0
DA:560,0
DA:562,0
DA:565,0
DA:570,0
DA:575,0
DA:578,0
DA:579,0
DA:583,0
DA:584,0
DA:586,0
DA:589,0
DA:597,0
DA:600,0
DA:601,0
DA:604,0
DA:607,0
DA:613,0
DA:617,0
DA:622,0
DA:623,0
DA:626,0
DA:629,0
DA:630,0
DA:631,0
DA:635,0
DA:637,0
LF:189
LH:76
BRDA:25,0,0,1
BRDA:25,0,1,1
BRDA:43,1,0,1
BRDA:43,1,1,0
BRDA:48,2,0,3
BRDA:48,2,1,0
BRDA:76,3,0,1
BRDA:76,3,1,0
BRDA:77,4,0,1
BRDA:77,4,1,0
BRDA:78,5,0,0
BRDA:78,5,1,1
BRDA:78,6,0,1
BRDA:78,6,1,0
BRDA:82,7,0,0
BRDA:82,7,1,1
BRDA:106,8,0,1
BRDA:106,8,1,0
BRDA:125,9,0,1
BRDA:125,9,1,0
BRDA:127,10,0,0
BRDA:127,10,1,0
BRDA:129,11,0,0
BRDA:129,11,1,0
BRDA:131,12,0,0
BRDA:131,12,1,0
BRDA:136,13,0,0
BRDA:136,13,1,1
BRDA:136,14,0,1
BRDA:136,14,1,0
BRDA:146,15,0,1
BRDA:146,15,1,0
BRDA:146,16,0,1
BRDA:146,16,1,1
BRDA:168,17,0,1
BRDA:168,17,1,0
BRDA:168,18,0,1
BRDA:168,18,1,1
BRDA:184,19,0,0
BRDA:184,19,1,1
BRDA:224,20,0,0
BRDA:224,20,1,1
BRDA:224,21,0,1
BRDA:224,21,1,1
BRDA:250,22,0,0
BRDA:250,22,1,0
BRDA:259,23,0,0
BRDA:259,23,1,0
BRDA:261,24,0,0
BRDA:261,24,1,0
BRDA:270,25,0,0
BRDA:270,25,1,0
BRDA:292,26,0,0
BRDA:292,26,1,0
BRDA:310,27,0,0
BRDA:310,27,1,0
BRDA:317,28,0,0
BRDA:317,28,1,0
BRDA:340,29,0,0
BRDA:340,29,1,0
BRDA:349,30,0,0
BRDA:349,30,1,0
BRDA:364,31,0,0
BRDA:364,31,1,0
BRDA:364,32,0,0
BRDA:364,32,1,0
BRDA:364,32,2,0
BRDA:374,33,0,0
BRDA:374,33,1,0
BRDA:377,34,0,0
BRDA:377,34,1,0
BRDA:405,35,0,0
BRDA:405,35,1,0
BRDA:408,36,0,0
BRDA:408,36,1,0
BRDA:449,37,0,1
BRDA:449,37,1,0
BRDA:468,38,0,3
BRDA:468,38,1,0
BRDA:468,38,2,2
BRDA:468,38,3,0
BRDA:468,38,4,0
BRDA:468,38,5,0
BRDA:468,38,6,1
BRDA:468,38,7,0
BRDA:468,38,8,0
BRDA:471,39,0,0
BRDA:471,39,1,0
BRDA:471,39,2,0
BRDA:471,39,3,0
BRDA:471,39,4,3
BRDA:509,40,0,6
BRDA:509,40,1,3
BRDA:510,41,0,6
BRDA:510,41,1,4
BRDA:543,42,0,0
BRDA:543,42,1,0
BRDA:543,43,0,0
BRDA:543,43,1,0
BRDA:560,44,0,0
BRDA:560,44,1,0
BRDA:600,45,0,0
BRDA:600,45,1,0
BRDA:600,46,0,0
BRDA:600,46,1,0
BRDA:630,47,0,0
BRDA:630,47,1,0
BRDA:630,48,0,0
BRDA:630,48,1,0
BRF:109
BRH:32
end_of_record
TN:
SF:src\services\evaluation.service.js
FN:7,(anonymous_0)
FN:21,(anonymous_1)
FN:40,(anonymous_2)
FN:121,(anonymous_3)
FN:169,(anonymous_4)
FN:199,(anonymous_5)
FN:388,(anonymous_6)
FN:405,(anonymous_7)
FN:420,(anonymous_8)
FN:437,(anonymous_9)
FN:452,(anonymous_10)
FN:461,(anonymous_11)
FN:472,(anonymous_12)
FN:480,(anonymous_13)
FN:498,(anonymous_14)
FN:517,(anonymous_15)
FN:529,(anonymous_16)
FN:587,(anonymous_17)
FN:616,(anonymous_18)
FN:623,(anonymous_19)
FN:661,(anonymous_20)
FN:689,(anonymous_21)
FN:693,(anonymous_22)
FN:704,(anonymous_23)
FN:714,(anonymous_24)
FN:719,(anonymous_25)
FN:769,(anonymous_26)
FN:773,(anonymous_27)
FN:775,(anonymous_28)
FN:794,(anonymous_29)
FN:822,(anonymous_30)
FN:824,(anonymous_31)
FN:828,(anonymous_32)
FN:830,(anonymous_33)
FN:845,(anonymous_34)
FN:847,(anonymous_35)
FN:882,(anonymous_36)
FN:883,(anonymous_37)
FN:893,(anonymous_38)
FN:896,(anonymous_39)
FN:899,(anonymous_40)
FN:900,(anonymous_41)
FN:905,(anonymous_42)
FN:909,(anonymous_43)
FN:953,(anonymous_44)
FN:963,(anonymous_45)
FN:973,(anonymous_46)
FN:999,(anonymous_47)
FN:1052,(anonymous_48)
FN:1072,(anonymous_49)
FN:1078,(anonymous_50)
FN:1081,(anonymous_51)
FN:1088,(anonymous_52)
FN:1097,(anonymous_53)
FN:1112,(anonymous_54)
FN:1119,(anonymous_55)
FN:1126,(anonymous_56)
FN:1140,(anonymous_57)
FN:1150,(anonymous_58)
FN:1172,(anonymous_59)
FN:1194,(anonymous_60)
FN:1207,(anonymous_61)
FN:1226,(anonymous_62)
FN:1240,(anonymous_63)
FN:1299,(anonymous_64)
FN:1325,(anonymous_65)
FN:1424,(anonymous_66)
FN:1487,(anonymous_67)
FN:1499,(anonymous_68)
FN:1510,GetSubstituionsAndSoundPreference
FN:1519,(anonymous_70)
FN:1528,(anonymous_71)
FN:1531,(anonymous_72)
FN:1539,(anonymous_73)
FN:1552,(anonymous_74)
FN:1571,(anonymous_75)
FN:1573,(anonymous_76)
FN:1575,(anonymous_77)
FN:1591,(anonymous_78)
FN:1603,getSubstitutions
FN:1637,(anonymous_80)
FN:1638,(anonymous_81)
FN:1763,getScoreForTest2
FN:1823,(anonymous_83)
FN:1954,(anonymous_84)
FNF:85
FNH:74
FNDA:1,(anonymous_0)
FNDA:1,(anonymous_1)
FNDA:6,(anonymous_2)
FNDA:12,(anonymous_3)
FNDA:11,(anonymous_4)
FNDA:22,(anonymous_5)
FNDA:10,(anonymous_6)
FNDA:8,(anonymous_7)
FNDA:6,(anonymous_8)
FNDA:5,(anonymous_9)
FNDA:0,(anonymous_10)
FNDA:0,(anonymous_11)
FNDA:1,(anonymous_12)
FNDA:2,(anonymous_13)
FNDA:27,(anonymous_14)
FNDA:0,(anonymous_15)
FNDA:2,(anonymous_16)
FNDA:3,(anonymous_17)
FNDA:1,(anonymous_18)
FNDA:6,(anonymous_19)
FNDA:1,(anonymous_20)
FNDA:6,(anonymous_21)
FNDA:18,(anonymous_22)
FNDA:18,(anonymous_23)
FNDA:3,(anonymous_24)
FNDA:4,(anonymous_25)
FNDA:0,(anonymous_26)
FNDA:1,(anonymous_27)
FNDA:4,(anonymous_28)
FNDA:5,(anonymous_29)
FNDA:3,(anonymous_30)
FNDA:21,(anonymous_31)
FNDA:0,(anonymous_32)
FNDA:0,(anonymous_33)
FNDA:51,(anonymous_34)
FNDA:408,(anonymous_35)
FNDA:4,(anonymous_36)
FNDA:22,(anonymous_37)
FNDA:6,(anonymous_38)
FNDA:6,(anonymous_39)
FNDA:0,(anonymous_40)
FNDA:0,(anonymous_41)
FNDA:22,(anonymous_42)
FNDA:0,(anonymous_43)
FNDA:9,(anonymous_44)
FNDA:0,(anonymous_45)
FNDA:4,(anonymous_46)
FNDA:156,(anonymous_47)
FNDA:0,(anonymous_48)
FNDA:3,(anonymous_49)
FNDA:3,(anonymous_50)
FNDA:57,(anonymous_51)
FNDA:9,(anonymous_52)
FNDA:24,(anonymous_53)
FNDA:6,(anonymous_54)
FNDA:81,(anonymous_55)
FNDA:81,(anonymous_56)
FNDA:3,(anonymous_57)
FNDA:57,(anonymous_58)
FNDA:141,(anonymous_59)
FNDA:12,(anonymous_60)
FNDA:858,(anonymous_61)
FNDA:3,(anonymous_62)
FNDA:285,(anonymous_63)
FNDA:3,(anonymous_64)
FNDA:285,(anonymous_65)
FNDA:27,(anonymous_66)
FNDA:3,(anonymous_67)
FNDA:9,(anonymous_68)
FNDA:3,GetSubstituionsAndSoundPreference
FNDA:36,(anonymous_70)
FNDA:33,(anonymous_71)
FNDA:69,(anonymous_72)
FNDA:75,(anonymous_73)
FNDA:60,(anonymous_74)
FNDA:18,(anonymous_75)
FNDA:120,(anonymous_76)
FNDA:120,(anonymous_77)
FNDA:18,(anonymous_78)
FNDA:6,getSubstitutions
FNDA:9,(anonymous_80)
FNDA:39,(anonymous_81)
FNDA:3,getScoreForTest2
FNDA:285,(anonymous_83)
FNDA:12,(anonymous_84)
DA:1,2
DA:2,2
DA:3,2
DA:4,2
DA:5,2
DA:7,2
DA:8,1
DA:10,1
DA:13,1
DA:14,1
DA:16,0
DA:17,0
DA:21,2
DA:22,1
DA:26,1
DA:29,1
DA:30,1
DA:39,1
DA:41,6
DA:42,6
DA:44,3
DA:45,3
DA:50,0
DA:55,0
DA:57,3
DA:59,3
DA:60,3
DA:62,0
DA:63,0
DA:65,2
DA:66,2
DA:70,0
DA:71,0
DA:73,1
DA:74,1
DA:76,0
DA:77,0
DA:79,0
DA:83,6
DA:84,6
DA:87,6
DA:97,6
DA:98,6
DA:110,6
DA:114,1
DA:116,0
DA:117,0
DA:121,2
DA:125,12
DA:126,12
DA:129,12
DA:130,11
DA:131,11
DA:132,11
DA:135,11
DA:136,11
DA:137,11
DA:140,11
DA:146,11
DA:147,1
DA:148,1
DA:150,11
DA:161,11
DA:164,11
DA:165,1
DA:167,11
DA:169,2
DA:179,11
DA:180,11
DA:181,11
DA:182,11
DA:183,11
DA:187,11
DA:188,11
DA:189,11
DA:190,11
DA:191,11
DA:192,11
DA:193,11
DA:194,11
DA:195,11
DA:196,11
DA:197,1
DA:199,11
DA:200,22
DA:201,22
DA:202,22
DA:204,0
DA:205,0
DA:207,0
DA:208,0
DA:210,0
DA:211,0
DA:213,0
DA:214,0
DA:216,0
DA:218,9
DA:220,3
DA:223,3
DA:225,3
DA:228,3
DA:230,3
DA:231,3
DA:233,9
DA:235,4
DA:239,4
DA:242,2
DA:243,2
DA:244,2
DA:245,2
DA:246,2
DA:248,1
DA:249,1
DA:251,0
DA:252,0
DA:254,4
DA:256,2
DA:258,1
DA:259,1
DA:260,1
DA:263,1
DA:264,1
DA:265,1
DA:268,2
DA:270,2
DA:272,1
DA:275,1
DA:276,1
DA:277,1
DA:278,1
DA:279,1
DA:282,1
DA:285,1
DA:286,1
DA:287,1
DA:288,1
DA:289,1
DA:295,2
DA:300,4
DA:301,4
DA:303,1
DA:304,1
DA:305,1
DA:306,1
DA:308,22
DA:309,22
DA:310,22
DA:311,22
DA:312,12
DA:314,22
DA:315,2
DA:316,2
DA:319,22
DA:320,11
DA:321,11
DA:323,22
DA:339,11
DA:340,11
DA:341,11
DA:343,3
DA:350,3
DA:354,3
DA:355,3
DA:357,1
DA:358,1
DA:360,1
DA:361,1
DA:363,1
DA:364,1
DA:374,1
DA:375,1
DA:377,2
DA:380,11
DA:381,1
DA:388,1
DA:389,10
DA:390,4
DA:394,6
DA:395,1
DA:397,5
DA:400,1
DA:402,10
DA:405,2
DA:407,8
DA:410,8
DA:412,8
DA:415,0
DA:416,0
DA:420,2
DA:422,6
DA:425,6
DA:429,6
DA:432,0
DA:433,0
DA:437,2
DA:439,5
DA:442,5
DA:444,5
DA:447,0
DA:448,0
DA:452,2
DA:454,0
DA:456,0
DA:458,0
DA:459,0
DA:461,0
DA:463,0
DA:464,0
DA:469,0
DA:472,2
DA:474,1
DA:476,1
DA:477,1
DA:479,1
DA:480,2
DA:488,1
DA:489,1
DA:491,1
DA:492,17
DA:493,17
DA:494,16
DA:495,16
DA:497,17
DA:498,27
DA:499,17
DA:505,1
DA:506,0
DA:517,0
DA:518,0
DA:522,1
DA:524,0
DA:525,0
DA:529,2
DA:530,2
DA:531,2
DA:532,2
DA:533,2
DA:534,2
DA:535,2
DA:536,2
DA:537,2
DA:539,2
DA:541,2
DA:542,1
DA:543,1
DA:544,51
DA:545,51
DA:547,43
DA:548,43
DA:549,43
DA:551,5
DA:552,5
DA:553,5
DA:555,3
DA:557,51
DA:558,51
DA:561,1
DA:562,1
DA:563,51
DA:564,51
DA:567,2
DA:569,1
DA:571,1
DA:573,1
DA:576,1
DA:577,1
DA:579,1
DA:580,1
DA:583,1
DA:587,2
DA:588,3
DA:590,3
DA:593,3
DA:594,17
DA:595,16
DA:596,16
DA:604,3
DA:613,3
DA:616,2
DA:617,1
DA:618,1
DA:619,1
DA:622,1
DA:624,6
DA:625,6
DA:629,6
DA:630,6
DA:634,1
DA:635,0
DA:649,1
DA:650,1
DA:658,1
DA:661,2
DA:669,1
DA:670,1
DA:671,1
DA:672,1
DA:673,1
DA:674,1
DA:675,1
DA:676,1
DA:682,1
DA:688,1
DA:690,6
DA:693,18
DA:694,6
DA:698,6
DA:699,6
DA:701,6
DA:704,18
DA:705,6
DA:709,6
DA:710,6
DA:713,1
DA:714,3
DA:715,1
DA:719,4
DA:720,1
DA:724,1
DA:725,1
DA:726,1
DA:727,1
DA:740,1
DA:754,0
DA:760,0
DA:767,1
DA:769,2
DA:770,0
DA:771,0
DA:773,2
DA:775,1
DA:776,4
DA:777,4
DA:778,4
DA:786,4
DA:788,1
DA:794,5
DA:800,1
DA:808,1
DA:817,1
DA:818,1
DA:819,1
DA:822,1
DA:823,3
DA:824,21
DA:827,0
DA:828,0
DA:829,0
DA:830,0
DA:836,1
DA:844,1
DA:845,1
DA:846,51
DA:847,408
DA:851,1
DA:852,1
DA:864,1
DA:877,1
DA:882,2
DA:883,4
DA:884,22
DA:885,22
DA:887,22
DA:888,22
DA:893,6
DA:896,6
DA:899,2
DA:900,0
DA:901,0
DA:905,2
DA:906,22
DA:909,2
DA:913,0
DA:916,0
DA:918,0
DA:923,0
DA:925,0
DA:926,0
DA:938,0
DA:950,0
DA:953,2
DA:954,9
DA:955,9
DA:956,9
DA:958,0
DA:959,0
DA:963,2
DA:964,0
DA:965,0
DA:966,0
DA:968,0
DA:969,0
DA:973,2
DA:974,4
DA:975,4
DA:978,4
DA:979,4
DA:982,4
DA:985,4
DA:986,4
DA:990,4
DA:991,4
DA:992,4
DA:993,4
DA:994,4
DA:995,4
DA:996,4
DA:999,4
DA:1000,156
DA:1001,156
DA:1002,28
DA:1003,24
DA:1010,28
DA:1011,28
DA:1012,28
DA:1013,28
DA:1014,28
DA:1016,156
DA:1017,104
DA:1018,156
DA:1019,68
DA:1020,156
DA:1021,52
DA:1022,32
DA:1023,32
DA:1025,20
DA:1026,20
DA:1029,156
DA:1033,4
DA:1042,4
DA:1043,4
DA:1045,4
DA:1048,0
DA:1049,0
DA:1052,2
DA:1053,0
DA:1054,0
DA:1056,0
DA:1057,0
DA:1059,0
DA:1062,0
DA:1063,0
DA:1065,0
DA:1067,0
DA:1068,0
DA:1072,2
DA:1073,3
DA:1074,3
DA:1078,2
DA:1079,3
DA:1080,3
DA:1081,3
DA:1082,57
DA:1083,57
DA:1085,3
DA:1088,2
DA:1092,9
DA:1095,9
DA:1097,9
DA:1098,24
DA:1101,24
DA:1105,9
DA:1109,9
DA:1112,2
DA:1113,6
DA:1114,6
DA:1116,6
DA:1119,6
DA:1120,81
DA:1126,6
DA:1127,81
DA:1129,81
DA:1130,81
DA:1131,81
DA:1132,81
DA:1135,0
DA:1137,6
DA:1140,2
DA:1142,3
DA:1147,3
DA:1150,3
DA:1151,57
DA:1154,57
DA:1155,57
DA:1156,57
DA:1157,57
DA:1158,57
DA:1162,57
DA:1163,36
DA:1165,21
DA:1166,21
DA:1167,21
DA:1168,21
DA:1172,141
DA:1175,57
DA:1176,42
DA:1177,42
DA:1181,15
DA:1191,3
DA:1194,2
DA:1195,12
DA:1198,12
DA:1199,3
DA:1200,9
DA:1201,6
DA:1204,12
DA:1205,12
DA:1207,12
DA:1208,858
DA:1209,132
DA:1210,132
DA:1211,132
DA:1212,132
DA:1217,858
DA:1218,540
DA:1219,540
DA:1221,858
DA:1223,12
DA:1226,2
DA:1227,3
DA:1228,3
DA:1229,3
DA:1230,3
DA:1231,3
DA:1232,3
DA:1233,3
DA:1234,3
DA:1235,3
DA:1236,3
DA:1237,3
DA:1238,3
DA:1239,3
DA:1240,3
DA:1241,285
DA:1242,285
DA:1243,33
DA:1244,33
DA:1245,33
DA:1246,0
DA:1247,33
DA:1248,0
DA:1249,33
DA:1250,0
DA:1251,33
DA:1252,0
DA:1253,33
DA:1254,0
DA:1255,33
DA:1258,252
DA:1260,285
DA:1261,285
DA:1262,285
DA:1263,285
DA:1264,285
DA:1265,285
DA:1266,285
DA:1268,3
DA:1299,2
DA:1300,3
DA:1301,3
DA:1302,3
DA:1303,3
DA:1304,3
DA:1305,3
DA:1306,3
DA:1307,3
DA:1308,3
DA:1309,3
DA:1310,3
DA:1311,3
DA:1312,3
DA:1314,3
DA:1325,3
DA:1326,285
DA:1327,285
DA:1328,33
DA:1329,33
DA:1330,33
DA:1331,33
DA:1332,33
DA:1334,33
DA:1335,0
DA:1336,0
DA:1343,33
DA:1344,0
DA:1345,0
DA:1352,33
DA:1353,0
DA:1354,0
DA:1361,33
DA:1362,3
DA:1363,3
DA:1370,33
DA:1371,0
DA:1372,0
DA:1379,33
DA:1380,0
DA:1381,0
DA:1388,33
DA:1389,0
DA:1390,0
DA:1397,33
DA:1398,0
DA:1399,0
DA:1406,33
DA:1407,0
DA:1408,0
DA:1417,252
DA:1419,285
DA:1420,285
DA:1421,285
DA:1424,3
DA:1425,27
DA:1426,27
DA:1427,27
DA:1428,27
DA:1429,27
DA:1430,27
DA:1431,27
DA:1433,3
DA:1434,3
DA:1487,2
DA:1491,3
DA:1494,3
DA:1499,3
DA:1500,9
DA:1508,3
DA:1512,3
DA:1513,3
DA:1516,3
DA:1519,3
DA:1520,36
DA:1528,3
DA:1529,33
DA:1531,30
DA:1533,69
DA:1539,75
DA:1542,30
DA:1543,18
DA:1552,12
DA:1553,60
DA:1558,12
DA:1559,12
DA:1566,69
DA:1568,9
DA:1571,9
DA:1573,120
DA:1574,18
DA:1575,120
DA:1579,18
DA:1580,18
DA:1582,18
DA:1583,18
DA:1591,3
DA:1592,18
DA:1593,6
DA:1595,12
DA:1600,3
DA:1604,6
DA:1605,6
DA:1606,6
DA:1607,6
DA:1608,6
DA:1609,243
DA:1610,243
DA:1611,243
DA:1612,243
DA:1613,243
DA:1614,243
DA:1615,243
DA:1616,243
DA:1618,243
DA:1619,21483
DA:1620,21483
DA:1621,46965
DA:1622,1056
DA:1623,1056
DA:1624,1056
DA:1625,171
DA:1626,339
DA:1627,57
DA:1628,57
DA:1629,54
DA:1632,57
DA:1634,57
DA:1635,6
DA:1636,6
DA:1637,6
DA:1638,39
DA:1639,9
DA:1643,9
DA:1644,9
DA:1647,6
DA:1653,1056
DA:1654,1002
DA:1655,1002
DA:1658,1056
DA:1664,243
DA:1665,243
DA:1667,243
DA:1676,243
DA:1677,117
DA:1686,243
DA:1690,6
DA:1691,117
DA:1692,117
DA:1694,117
DA:1695,243
DA:1697,243
DA:1698,201
DA:1701,243
DA:1702,0
DA:1705,243
DA:1706,42
DA:1709,243
DA:1710,54
DA:1711,54
DA:1716,117
DA:1720,84
DA:1723,117
DA:1724,15
DA:1728,6
DA:1729,117
DA:1731,117
DA:1732,33
DA:1733,33
DA:1735,33
DA:1736,75
DA:1738,75
DA:1739,33
DA:1747,75
DA:1749,75
DA:1750,15
DA:1753,75
DA:1755,75
DA:1759,6
DA:1764,3
DA:1766,3
DA:1767,3
DA:1768,3
DA:1769,3
DA:1770,3
DA:1773,3
DA:1774,3
DA:1777,3
DA:1780,3
DA:1789,3
DA:1800,3
DA:1801,3
DA:1804,3
DA:1805,3
DA:1806,3
DA:1807,3
DA:1811,3
DA:1822,3
DA:1823,3
DA:1824,285
DA:1825,285
DA:1826,285
DA:1827,0
DA:1828,0
DA:1829,0
DA:1830,0
DA:1832,285
DA:1833,285
DA:1837,3
DA:1841,3
DA:1843,3
DA:1844,3
DA:1845,3
DA:1846,3
DA:1847,3
DA:1848,3
DA:1849,3
DA:1852,3
DA:1863,3
DA:1948,3
DA:1950,0
DA:1951,0
DA:1954,2
DA:1955,12
DA:1956,12
DA:1957,26
DA:1959,12
DA:1961,2
LF:785
LH:675
BRDA:10,0,0,1
BRDA:10,0,1,0
BRDA:29,1,0,1
BRDA:29,1,1,0
BRDA:42,2,0,3
BRDA:42,2,1,0
BRDA:42,2,2,2
BRDA:42,2,3,0
BRDA:42,2,4,0
BRDA:42,2,5,0
BRDA:42,2,6,1
BRDA:42,2,7,0
BRDA:42,2,8,0
BRDA:45,3,0,0
BRDA:45,3,1,0
BRDA:45,3,2,0
BRDA:45,3,3,0
BRDA:45,3,4,3
BRDA:97,4,0,6
BRDA:97,4,1,0
BRDA:131,5,0,11
BRDA:131,5,1,0
BRDA:132,6,0,0
BRDA:132,6,1,11
BRDA:146,7,0,1
BRDA:146,7,1,10
BRDA:164,8,0,1
BRDA:164,8,1,10
BRDA:196,9,0,1
BRDA:196,9,1,10
BRDA:202,10,0,0
BRDA:202,10,1,9
BRDA:202,10,2,4
BRDA:202,10,3,2
BRDA:202,10,4,2
BRDA:202,10,5,1
BRDA:202,10,6,2
BRDA:202,10,7,3
BRDA:202,10,8,4
BRDA:202,10,9,1
BRDA:205,11,0,0
BRDA:205,11,1,0
BRDA:205,11,2,0
BRDA:218,12,0,3
BRDA:218,12,1,3
BRDA:218,12,2,3
BRDA:239,13,0,1
BRDA:239,13,1,2
BRDA:239,13,2,1
BRDA:239,13,3,0
BRDA:256,14,0,1
BRDA:256,14,1,1
BRDA:270,15,0,1
BRDA:270,15,1,1
BRDA:270,15,2,0
BRDA:310,16,0,22
BRDA:310,16,1,0
BRDA:311,17,0,12
BRDA:311,17,1,10
BRDA:314,18,0,2
BRDA:314,18,1,20
BRDA:315,19,0,1
BRDA:315,19,1,1
BRDA:316,20,0,1
BRDA:316,20,1,1
BRDA:319,21,0,11
BRDA:319,21,1,11
BRDA:327,22,0,22
BRDA:327,22,1,0
BRDA:329,23,0,22
BRDA:329,23,1,0
BRDA:330,24,0,22
BRDA:330,24,1,0
BRDA:331,25,0,22
BRDA:331,25,1,0
BRDA:332,26,0,22
BRDA:332,26,1,0
BRDA:335,27,0,22
BRDA:335,27,1,0
BRDA:340,28,0,1
BRDA:340,28,1,10
BRDA:341,29,0,3
BRDA:341,29,1,1
BRDA:341,29,2,2
BRDA:341,29,3,3
BRDA:341,29,4,1
BRDA:341,29,5,1
BRDA:341,29,6,1
BRDA:341,29,7,2
BRDA:380,30,0,1
BRDA:380,30,1,10
BRDA:389,31,0,4
BRDA:389,31,1,6
BRDA:394,32,0,1
BRDA:394,32,1,5
BRDA:412,33,0,8
BRDA:412,33,1,2
BRDA:429,34,0,6
BRDA:429,34,1,6
BRDA:444,35,0,5
BRDA:444,35,1,4
BRDA:456,36,0,0
BRDA:456,36,1,0
BRDA:461,37,0,0
BRDA:461,37,1,0
BRDA:480,38,0,1
BRDA:480,38,1,0
BRDA:491,39,0,1
BRDA:491,39,1,0
BRDA:493,40,0,16
BRDA:493,40,1,1
BRDA:497,41,0,17
BRDA:497,41,1,0
BRDA:505,42,0,0
BRDA:505,42,1,1
BRDA:518,43,0,0
BRDA:518,43,1,0
BRDA:541,44,0,1
BRDA:541,44,1,1
BRDA:543,45,0,1
BRDA:543,45,1,0
BRDA:545,46,0,43
BRDA:545,46,1,5
BRDA:545,46,2,3
BRDA:557,47,0,4
BRDA:557,47,1,47
BRDA:558,48,0,3
BRDA:558,48,1,48
BRDA:562,49,0,1
BRDA:562,49,1,0
BRDA:567,50,0,1
BRDA:567,50,1,1
BRDA:569,51,0,1
BRDA:569,51,1,0
BRDA:576,52,0,1
BRDA:576,52,1,0
BRDA:579,53,0,1
BRDA:579,53,1,0
BRDA:593,54,0,3
BRDA:593,54,1,0
BRDA:594,55,0,16
BRDA:594,55,1,1
BRDA:607,56,0,3
BRDA:607,56,1,0
BRDA:627,57,0,0
BRDA:627,57,1,6
BRDA:630,58,0,0
BRDA:630,58,1,6
BRDA:634,59,0,0
BRDA:634,59,1,1
BRDA:639,60,0,0
BRDA:639,60,1,0
BRDA:640,61,0,0
BRDA:640,61,1,0
BRDA:696,62,0,6
BRDA:696,62,1,0
BRDA:699,63,0,6
BRDA:699,63,1,0
BRDA:707,64,0,6
BRDA:707,64,1,0
BRDA:713,65,0,0
BRDA:713,65,1,1
BRDA:713,66,0,1
BRDA:713,66,1,1
BRDA:717,67,0,1
BRDA:717,67,1,0
BRDA:722,68,0,1
BRDA:722,68,1,0
BRDA:726,69,0,1
BRDA:726,69,1,0
BRDA:730,70,0,1
BRDA:730,70,1,0
BRDA:733,71,0,1
BRDA:733,71,1,0
BRDA:743,72,0,1
BRDA:743,72,1,0
BRDA:746,73,0,1
BRDA:746,73,1,0
BRDA:777,74,0,4
BRDA:777,74,1,0
BRDA:782,75,0,1
BRDA:782,75,1,3
BRDA:783,76,0,0
BRDA:783,76,1,4
BRDA:803,77,0,0
BRDA:803,77,1,1
BRDA:811,78,0,0
BRDA:811,78,1,1
BRDA:818,79,0,1
BRDA:818,79,1,0
BRDA:823,80,0,1
BRDA:823,80,1,2
BRDA:823,81,0,3
BRDA:823,81,1,3
BRDA:829,82,0,0
BRDA:829,82,1,0
BRDA:829,83,0,0
BRDA:829,83,1,0
BRDA:839,84,0,0
BRDA:839,84,1,1
BRDA:855,85,0,1
BRDA:855,85,1,0
BRDA:867,86,0,1
BRDA:867,86,1,0
BRDA:884,87,0,12
BRDA:884,87,1,10
BRDA:887,88,0,16
BRDA:887,88,1,6
BRDA:893,89,0,3
BRDA:893,89,1,3
BRDA:896,90,0,2
BRDA:896,90,1,4
BRDA:901,91,0,0
BRDA:901,91,1,0
BRDA:906,92,0,22
BRDA:906,92,1,12
BRDA:906,92,2,11
BRDA:916,93,0,0
BRDA:916,93,1,0
BRDA:916,94,0,0
BRDA:916,94,1,0
BRDA:916,94,2,0
BRDA:923,95,0,0
BRDA:923,95,1,0
BRDA:923,96,0,0
BRDA:923,96,1,0
BRDA:925,97,0,0
BRDA:925,97,1,0
BRDA:978,98,0,4
BRDA:978,98,1,0
BRDA:1000,99,0,152
BRDA:1000,99,1,4
BRDA:1001,100,0,28
BRDA:1001,100,1,128
BRDA:1002,101,0,24
BRDA:1002,101,1,4
BRDA:1016,102,0,52
BRDA:1016,102,1,104
BRDA:1018,103,0,88
BRDA:1018,103,1,68
BRDA:1020,104,0,52
BRDA:1020,104,1,104
BRDA:1021,105,0,32
BRDA:1021,105,1,20
BRDA:1056,106,0,0
BRDA:1056,106,1,0
BRDA:1101,107,0,9
BRDA:1101,107,1,15
BRDA:1127,108,0,0
BRDA:1127,108,1,81
BRDA:1162,109,0,36
BRDA:1162,109,1,21
BRDA:1175,110,0,42
BRDA:1175,110,1,15
BRDA:1194,111,0,3
BRDA:1198,112,0,3
BRDA:1198,112,1,9
BRDA:1200,113,0,6
BRDA:1200,113,1,3
BRDA:1208,114,0,132
BRDA:1208,114,1,726
BRDA:1209,115,0,132
BRDA:1209,115,1,0
BRDA:1211,116,0,132
BRDA:1211,116,1,0
BRDA:1217,117,0,540
BRDA:1217,117,1,318
BRDA:1217,118,0,858
BRDA:1217,118,1,573
BRDA:1242,119,0,33
BRDA:1242,119,1,252
BRDA:1244,120,0,33
BRDA:1244,120,1,0
BRDA:1245,121,0,0
BRDA:1245,121,1,33
BRDA:1247,122,0,0
BRDA:1247,122,1,33
BRDA:1249,123,0,0
BRDA:1249,123,1,33
BRDA:1251,124,0,0
BRDA:1251,124,1,33
BRDA:1253,125,0,0
BRDA:1253,125,1,33
BRDA:1255,126,0,0
BRDA:1255,126,1,33
BRDA:1260,127,0,285
BRDA:1260,127,1,105
BRDA:1261,128,0,285
BRDA:1261,128,1,186
BRDA:1262,129,0,285
BRDA:1262,129,1,222
BRDA:1263,130,0,285
BRDA:1263,130,1,243
BRDA:1264,131,0,285
BRDA:1264,131,1,138
BRDA:1265,132,0,285
BRDA:1265,132,1,249
BRDA:1266,133,0,285
BRDA:1266,133,1,267
BRDA:1327,134,0,33
BRDA:1327,134,1,252
BRDA:1329,135,0,33
BRDA:1329,135,1,0
BRDA:1330,136,0,3
BRDA:1330,136,1,30
BRDA:1331,137,0,33
BRDA:1331,137,1,0
BRDA:1332,138,0,3
BRDA:1332,138,1,30
BRDA:1334,139,0,0
BRDA:1334,139,1,33
BRDA:1343,140,0,0
BRDA:1343,140,1,33
BRDA:1352,141,0,0
BRDA:1352,141,1,33
BRDA:1352,142,0,33
BRDA:1352,142,1,0
BRDA:1361,143,0,3
BRDA:1361,143,1,30
BRDA:1362,144,0,0
BRDA:1362,144,1,3
BRDA:1370,145,0,0
BRDA:1370,145,1,33
BRDA:1371,146,0,0
BRDA:1371,146,1,0
BRDA:1379,147,0,0
BRDA:1379,147,1,33
BRDA:1380,148,0,0
BRDA:1380,148,1,0
BRDA:1388,149,0,0
BRDA:1388,149,1,33
BRDA:1389,150,0,0
BRDA:1389,150,1,0
BRDA:1397,151,0,0
BRDA:1397,151,1,33
BRDA:1398,152,0,0
BRDA:1398,152,1,0
BRDA:1406,153,0,0
BRDA:1406,153,1,33
BRDA:1407,154,0,0
BRDA:1407,154,1,0
BRDA:1419,155,0,285
BRDA:1419,155,1,138
BRDA:1420,156,0,285
BRDA:1420,156,1,156
BRDA:1421,157,0,285
BRDA:1421,157,1,267
BRDA:1443,158,0,0
BRDA:1443,158,1,3
BRDA:1448,159,0,0
BRDA:1448,159,1,3
BRDA:1453,160,0,0
BRDA:1453,160,1,3
BRDA:1458,161,0,3
BRDA:1458,161,1,0
BRDA:1463,162,0,0
BRDA:1463,162,1,3
BRDA:1468,163,0,0
BRDA:1468,163,1,3
BRDA:1473,164,0,0
BRDA:1473,164,1,3
BRDA:1478,165,0,0
BRDA:1478,165,1,3
BRDA:1483,166,0,0
BRDA:1483,166,1,3
BRDA:1502,167,0,9
BRDA:1502,167,1,0
BRDA:1502,168,0,9
BRDA:1502,168,1,9
BRDA:1529,169,0,30
BRDA:1529,169,1,3
BRDA:1529,170,0,33
BRDA:1529,170,1,33
BRDA:1533,171,0,30
BRDA:1533,171,1,39
BRDA:1534,172,0,69
BRDA:1534,172,1,54
BRDA:1534,172,2,42
BRDA:1542,173,0,18
BRDA:1542,173,1,12
BRDA:1553,174,0,12
BRDA:1553,174,1,48
BRDA:1554,175,0,60
BRDA:1554,175,1,48
BRDA:1554,175,2,24
BRDA:1558,176,0,12
BRDA:1558,176,1,0
BRDA:1566,177,0,9
BRDA:1566,177,1,60
BRDA:1581,178,0,18
BRDA:1581,178,1,0
BRDA:1592,179,0,6
BRDA:1592,179,1,12
BRDA:1619,180,0,21483
BRDA:1619,180,1,0
BRDA:1621,181,0,1056
BRDA:1621,181,1,45909
BRDA:1624,182,0,171
BRDA:1624,182,1,885
BRDA:1626,183,0,57
BRDA:1626,183,1,282
BRDA:1628,184,0,54
BRDA:1628,184,1,3
BRDA:1634,185,0,6
BRDA:1634,185,1,51
BRDA:1653,186,0,1002
BRDA:1653,186,1,54
BRDA:1664,187,0,243
BRDA:1664,187,1,0
BRDA:1671,188,0,42
BRDA:1671,188,1,201
BRDA:1672,189,0,201
BRDA:1672,189,1,42
BRDA:1676,190,0,117
BRDA:1676,190,1,126
BRDA:1697,191,0,201
BRDA:1697,191,1,42
BRDA:1701,192,0,0
BRDA:1701,192,1,243
BRDA:1705,193,0,42
BRDA:1705,193,1,201
BRDA:1710,194,0,54
BRDA:1710,194,1,0
BRDA:1716,195,0,84
BRDA:1716,195,1,33
BRDA:1717,196,0,117
BRDA:1717,196,1,117
BRDA:1723,197,0,15
BRDA:1723,197,1,102
BRDA:1731,198,0,33
BRDA:1731,198,1,84
BRDA:1732,199,0,18
BRDA:1732,199,1,15
BRDA:1738,200,0,33
BRDA:1738,200,1,42
BRDA:1741,201,0,0
BRDA:1741,201,1,33
BRDA:1743,202,0,15
BRDA:1743,202,1,18
BRDA:1749,203,0,15
BRDA:1749,203,1,60
BRDA:1783,204,0,3
BRDA:1783,204,1,0
BRDA:1793,205,0,3
BRDA:1793,205,1,0
BRDA:1796,206,0,3
BRDA:1796,206,1,0
BRDA:1806,207,0,3
BRDA:1806,207,1,0
BRDA:1806,208,0,3
BRDA:1806,208,1,3
BRDA:1825,209,0,138
BRDA:1825,209,1,147
BRDA:1826,210,0,0
BRDA:1826,210,1,285
BRDA:1827,211,0,0
BRDA:1827,211,1,0
BRDA:1829,212,0,0
BRDA:1829,212,1,0
BRDA:1833,213,0,138
BRDA:1833,213,1,147
BRDA:1841,214,0,3
BRDA:1841,214,1,0
BRF:463
BRH:313
end_of_record
TN:
SF:src\services\exportPdf.service.js
FN:6,(anonymous_0)
FN:14,(anonymous_1)
FN:21,(anonymous_2)
FN:29,(anonymous_3)
FNF:4
FNH:0
FNDA:0,(anonymous_0)
FNDA:0,(anonymous_1)
FNDA:0,(anonymous_2)
FNDA:0,(anonymous_3)
DA:1,2
DA:2,2
DA:3,2
DA:5,2
DA:10,0
DA:14,0
DA:15,0
DA:16,0
DA:21,0
DA:22,0
DA:23,0
DA:24,0
DA:28,0
DA:30,0
DA:31,0
DA:32,0
DA:34,0
DA:36,0
DA:37,0
DA:43,0
DA:44,0
DA:48,0
LF:22
LH:4
BRDA:15,0,0,0
BRDA:15,0,1,0
BRDA:15,1,0,0
BRDA:15,1,1,0
BRDA:22,2,0,0
BRDA:22,2,1,0
BRDA:36,3,0,0
BRDA:36,3,1,0
BRF:8
BRH:0
end_of_record
TN:
SF:src\services\index.js
FNF:0
FNH:0
DA:1,2
DA:2,2
DA:3,2
DA:4,2
DA:5,2
DA:6,2
DA:7,2
DA:8,2
LF:8
LH:8
BRF:0
BRH:0
end_of_record
TN:
SF:src\services\record.service.js
FN:5,(anonymous_0)
FN:23,(anonymous_1)
FN:33,(anonymous_2)
FNF:3
FNH:0
FNDA:0,(anonymous_0)
FNDA:0,(anonymous_1)
FNDA:0,(anonymous_2)
DA:1,2
DA:2,2
DA:4,2
DA:6,0
DA:8,0
DA:18,0
DA:20,0
DA:24,0
DA:26,0
DA:28,0
DA:30,0
DA:34,0
DA:36,0
DA:38,0
DA:40,0
LF:15
LH:3
BRF:0
BRH:0
end_of_record
TN:
SF:src\services\shared.service.js
FN:5,(anonymous_0)
FN:17,(anonymous_1)
FNF:2
FNH:0
FNDA:0,(anonymous_0)
FNDA:0,(anonymous_1)
DA:1,2
DA:2,2
DA:4,2
DA:6,0
DA:8,0
DA:10,0
DA:12,0
DA:13,0
DA:18,0
DA:20,0
DA:22,0
DA:24,0
DA:25,0
LF:13
LH:3
BRF:0
BRH:0
end_of_record
TN:
SF:src\services\user.service.js
FN:5,(anonymous_0)
FN:38,(anonymous_1)
FN:49,(anonymous_2)
FN:60,(anonymous_3)
FNF:4
FNH:1
FNDA:0,(anonymous_0)
FNDA:0,(anonymous_1)
FNDA:1,(anonymous_2)
FNDA:0,(anonymous_3)
DA:1,2
DA:2,2
DA:4,2
DA:6,0
DA:8,0
DA:9,0
DA:12,0
DA:13,0
DA:14,0
DA:15,0
DA:23,0
DA:24,0
DA:31,0
DA:33,0
DA:40,0
DA:41,0
DA:42,0
DA:44,0
DA:51,1
DA:52,1
DA:53,1
DA:55,0
DA:62,0
DA:63,0
DA:64,0
DA:66,0
LF:26
LH:6
BRDA:8,0,0,0
BRDA:8,0,1,0
BRDA:9,1,0,0
BRDA:9,1,1,0
BRDA:13,2,0,0
BRDA:13,2,1,0
BRDA:13,3,0,0
BRDA:13,3,1,0
BRDA:25,4,0,0
BRDA:25,4,1,0
BRDA:26,5,0,0
BRDA:26,5,1,0
BRDA:27,6,0,0
BRDA:27,6,1,0
BRDA:29,7,0,0
BRDA:29,7,1,0
BRF:16
BRH:0
end_of_record
TN:
SF:src\validation\child.validation.js
FN:12,(anonymous_0)
FN:53,(anonymous_1)
FN:68,(anonymous_2)
FNF:3
FNH:0
FNDA:0,(anonymous_0)
FNDA:0,(anonymous_1)
FNDA:0,(anonymous_2)
DA:1,2
DA:8,2
DA:9,2
DA:11,2
DA:13,0
DA:14,0
DA:15,0
DA:17,0
DA:19,0
DA:20,0
DA:21,0
DA:22,0
DA:23,0
DA:25,0
DA:26,0
DA:28,0
DA:29,0
DA:31,0
DA:32,0
DA:34,0
DA:35,0
DA:37,0
DA:38,0
DA:40,0
DA:41,0
DA:43,0
DA:44,0
DA:50,0
DA:54,0
DA:55,0
DA:57,0
DA:58,0
DA:59,0
DA:65,0
DA:69,0
DA:70,0
DA:71,0
DA:72,0
DA:73,0
DA:74,0
DA:79,0
DA:80,0
DA:82,0
DA:83,0
DA:85,0
DA:86,0
DA:89,0
DA:90,0
DA:96,0
LF:49
LH:4
BRDA:17,0,0,0
BRDA:17,0,1,0
BRDA:25,1,0,0
BRDA:25,1,1,0
BRDA:28,2,0,0
BRDA:28,2,1,0
BRDA:31,3,0,0
BRDA:31,3,1,0
BRDA:34,4,0,0
BRDA:34,4,1,0
BRDA:37,5,0,0
BRDA:37,5,1,0
BRDA:40,6,0,0
BRDA:40,6,1,0
BRDA:43,7,0,0
BRDA:43,7,1,0
BRDA:57,8,0,0
BRDA:57,8,1,0
BRDA:58,9,0,0
BRDA:58,9,1,0
BRDA:72,10,0,0
BRDA:72,10,1,0
BRDA:73,11,0,0
BRDA:73,11,1,0
BRDA:79,12,0,0
BRDA:79,12,1,0
BRDA:82,13,0,0
BRDA:82,13,1,0
BRDA:85,14,0,0
BRDA:85,14,1,0
BRDA:89,15,0,0
BRDA:89,15,1,0
BRF:32
BRH:0
end_of_record
TN:
SF:src\validation\diagnostic.validation.js
FN:5,(anonymous_0)
FN:22,(anonymous_1)
FN:39,(anonymous_2)
FN:71,(anonymous_3)
FN:88,(anonymous_4)
FN:124,(anonymous_5)
FNF:6
FNH:3
FNDA:1,(anonymous_0)
FNDA:1,(anonymous_1)
FNDA:1,(anonymous_2)
FNDA:0,(anonymous_3)
FNDA:0,(anonymous_4)
FNDA:0,(anonymous_5)
DA:1,2
DA:2,2
DA:4,2
DA:6,1
DA:7,1
DA:9,1
DA:10,0
DA:12,1
DA:13,0
DA:19,1
DA:23,1
DA:24,1
DA:26,1
DA:27,0
DA:29,1
DA:30,0
DA:36,1
DA:40,1
DA:41,1
DA:42,1
DA:43,1
DA:44,0
DA:46,1
DA:47,0
DA:49,1
DA:55,0
DA:58,1
DA:59,0
DA:61,1
DA:62,0
DA:68,1
DA:72,0
DA:73,0
DA:74,0
DA:75,0
DA:76,0
DA:78,0
DA:79,0
DA:85,0
DA:89,0
DA:90,0
DA:92,0
DA:93,0
DA:94,0
DA:96,0
DA:97,0
DA:98,0
DA:99,0
DA:102,0
DA:103,0
DA:104,0
DA:105,0
DA:108,0
DA:109,0
DA:110,0
DA:111,0
DA:114,0
DA:115,0
DA:121,0
DA:125,0
DA:126,0
DA:127,0
DA:129,0
DA:130,0
DA:131,0
DA:132,0
DA:133,0
DA:135,0
DA:136,0
DA:139,0
DA:140,0
DA:146,0
LF:72
LH:22
BRDA:9,0,0,0
BRDA:9,0,1,1
BRDA:12,1,0,0
BRDA:12,1,1,1
BRDA:26,2,0,0
BRDA:26,2,1,1
BRDA:26,3,0,1
BRDA:26,3,1,1
BRDA:29,4,0,0
BRDA:29,4,1,1
BRDA:43,5,0,0
BRDA:43,5,1,1
BRDA:43,6,0,1
BRDA:43,6,1,1
BRDA:46,7,0,0
BRDA:46,7,1,1
BRDA:46,8,0,1
BRDA:46,8,1,1
BRDA:49,9,0,0
BRDA:49,9,1,1
BRDA:50,10,0,1
BRDA:50,10,1,0
BRDA:58,11,0,0
BRDA:58,11,1,1
BRDA:61,12,0,0
BRDA:61,12,1,1
BRDA:74,13,0,0
BRDA:74,13,1,0
BRDA:75,14,0,0
BRDA:75,14,1,0
BRDA:78,15,0,0
BRDA:78,15,1,0
BRDA:92,16,0,0
BRDA:92,16,1,0
BRDA:93,17,0,0
BRDA:93,17,1,0
BRDA:94,18,0,0
BRDA:94,18,1,0
BRDA:96,19,0,0
BRDA:96,19,1,0
BRDA:98,20,0,0
BRDA:98,20,1,0
BRDA:102,21,0,0
BRDA:102,21,1,0
BRDA:104,22,0,0
BRDA:104,22,1,0
BRDA:108,23,0,0
BRDA:108,23,1,0
BRDA:110,24,0,0
BRDA:110,24,1,0
BRDA:114,25,0,0
BRDA:114,25,1,0
BRDA:129,26,0,0
BRDA:129,26,1,0
BRDA:130,27,0,0
BRDA:130,27,1,0
BRDA:131,28,0,0
BRDA:131,28,1,0
BRDA:132,29,0,0
BRDA:132,29,1,0
BRDA:135,30,0,0
BRDA:135,30,1,0
BRDA:139,31,0,0
BRDA:139,31,1,0
BRF:64
BRH:16
end_of_record
TN:
SF:src\validation\evaluation.validation.js
FN:6,(anonymous_0)
FNF:1
FNH:1
FNDA:1,(anonymous_0)
DA:1,2
DA:2,2
DA:3,2
DA:5,2
DA:7,1
DA:8,1
DA:10,1
DA:11,1
DA:12,0
DA:18,1
LF:10
LH:9
BRDA:10,0,0,0
BRDA:10,0,1,1
BRDA:10,1,0,1
BRDA:10,1,1,1
BRDA:11,2,0,0
BRDA:11,2,1,1
BRF:6
BRH:4
end_of_record
TN:
SF:src\validation\index.js
FNF:0
FNH:0
DA:1,2
LF:1
LH:1
BRF:0
BRH:0
end_of_record
TN:
SF:src\validation\user.validation.js
FN:6,isValidSubFormat
FN:9,isValidSubValue
FN:15,(anonymous_2)
FN:32,(anonymous_3)
FN:58,(anonymous_4)
FN:83,(anonymous_5)
FNF:6
FNH:0
FNDA:0,isValidSubFormat
FNDA:0,isValidSubValue
FNDA:0,(anonymous_2)
FNDA:0,(anonymous_3)
FNDA:0,(anonymous_4)
FNDA:0,(anonymous_5)
DA:1,2
DA:3,2
DA:7,0
DA:10,0
DA:11,0
DA:14,2
DA:16,0
DA:17,0
DA:19,0
DA:20,0
DA:22,0
DA:23,0
DA:29,0
DA:33,0
DA:34,0
DA:36,0
DA:37,0
DA:39,0
DA:40,0
DA:42,0
DA:43,0
DA:44,0
DA:45,0
DA:48,0
DA:49,0
DA:55,0
DA:59,0
DA:60,0
DA:62,0
DA:64,0
DA:65,0
DA:68,0
DA:69,0
DA:72,0
DA:73,0
DA:79,0
DA:84,0
DA:85,0
DA:87,0
DA:89,0
DA:90,0
DA:92,0
DA:93,0
DA:95,0
DA:96,0
DA:99,0
DA:100,0
DA:107,0
LF:48
LH:3
BRDA:7,0,0,0
BRDA:7,0,1,0
BRDA:19,1,0,0
BRDA:19,1,1,0
BRDA:22,2,0,0
BRDA:22,2,1,0
BRDA:36,3,0,0
BRDA:36,3,1,0
BRDA:37,4,0,0
BRDA:37,4,1,0
BRDA:39,5,0,0
BRDA:39,5,1,0
BRDA:42,6,0,0
BRDA:42,6,1,0
BRDA:44,7,0,0
BRDA:44,7,1,0
BRDA:44,8,0,0
BRDA:44,8,1,0
BRDA:48,9,0,0
BRDA:48,9,1,0
BRDA:62,10,0,0
BRDA:62,10,1,0
BRDA:64,11,0,0
BRDA:64,11,1,0
BRDA:68,12,0,0
BRDA:68,12,1,0
BRDA:72,13,0,0
BRDA:72,13,1,0
BRDA:87,14,0,0
BRDA:87,14,1,0
BRDA:89,15,0,0
BRDA:89,15,1,0
BRDA:95,16,0,0
BRDA:95,16,1,0
BRDA:95,17,0,0
BRDA:95,17,1,0
BRDA:95,17,2,0
BRDA:99,18,0,0
BRDA:99,18,1,0
BRF:39
BRH:0
end_of_record
